query               -  1WZN                A     -12.5200            0.000289030315
query               -  2H1R                A      -8.4000            0.000330875046
query               -  3DH0                B      -8.4000            0.000330875046
query               -  1NW3                A     -14.3000            0.000289030315
query               -  1I1N                A      -6.4000            0.000389296387
query               -  3EGI                D     -10.2200            0.000289030315
query               -  2V74                F      -6.5200            0.000389296387
query               -  2B3T                A      -6.7000            0.000389296387
query               -  1IM8                B      -8.1000            0.000330875046
query               -  2BH2                B     -11.5200            0.000289030315
query               -  1ZQ9                B      -9.3000            0.000308996910
query               -  3BUS                A     -17.2200            0.000289030315
query               -  1XXL                B      -6.0000            0.000389296387
query               -  1G6Q                1      -9.5200            0.000308996910
query               -  1NKV                C     -10.2200            0.000289030315
query               -  3GRZ                B      -8.5200            0.000330875046
query               -  1F3L                A      -8.0500            0.000330875046
query               -  2AS0                B      -8.5200            0.000330875046
query               -  1X1C                A      -6.7000            0.000389296387
query               -  1KXZ                C     -14.4000            0.000289030315
query               -  1VE3                A      -9.0000            0.000308996910
query               -  1RI4                A      -8.2200            0.000330875046
query               -  1DUS                A      -6.5200            0.000389296387
query               -  3D2L                C      -8.0000            0.000330875046
query               -  1YUB                A      -8.0000            0.000330875046
query               -  3CCF                B      -6.0500            0.000389296387
query               -  3E7P                A      -7.7000            0.000356785342
query               -  3DLC                A      -6.0500            0.000389296387
query               -  3F4K                A      -6.4000            0.000389296387
query               -  1UFK                A     -15.0500            0.000289030315
query               -  1ORI                A      -8.0000            0.000330875046
query               -  2R3S                B      -6.2200            0.000389296387
query               -  2YXD                A      -7.0500            0.000356785342
query               -  2ZZN                A      -6.5200            0.000389296387
query               -  3FYC                A      -9.2200            0.000308996910
query               -  3GDH                A     -10.0500            0.000289030315
query               -  3HM2                A      -7.5200            0.000356785342
