query               -  3BT7                A      -3.5200            0.000523044204
query               -  2YQZ                A      -4.0000            0.000485366065
query               -  3BXO                A      -4.5200            0.000460531010
query               -  2I6G                B      -3.5200            0.000523044204
query               -  2PWY                A      -4.1500            0.000485366065
query               -  1KPG                B      -3.5200            0.000523044204
query               -  1R18                A      -3.2200            0.000556301966
query               -  3HA5                A      -4.7000            0.000460531010
query               -  2OKC                B      -4.1500            0.000485366065
query               -  1WS6                A      -5.3000            0.000431529421
query               -  3E8S                A      -5.1500            0.000431529421
query               -  1Y8C                A      -3.1000            0.000556301966
query               -  1WY7                C      -4.7000            0.000460531010
query               -  2VS1                A      -5.7000            0.000431529421
query               -  3DTN                B      -3.5200            0.000523044204
query               -  2B25                A      -3.5200            0.000523044204
query               -  1NV8                A      -5.5200            0.000431529421
query               -  2FRN                A      -5.2200            0.000431529421
query               -  1M6Y                A      -4.3000            0.000485366065
query               -  2IBS                A      -4.7000            0.000460531010
query               -  2P35                A      -3.7000            0.000523044204
query               -  3BKW                A      -4.7000            0.000460531010
query               -  2GH1                A      -5.0000            0.000431529421
query               -  1P91                A      -5.0000            0.000431529421
query               -  3E05                D      -4.2200            0.000485366065
query               -  2FHP                B      -5.7000            0.000431529421
query               -  2ZFU                B      -3.0000            0.000556301966
query               -  3EEY                J      -3.2200            0.000556301966
query               -  2ERC                B      -3.0500            0.000556301966
query               -  3G5L                A      -5.3000            0.000431529421
query               -  3CGG                A      -4.4000            0.000485366065
query               -  1DL5                B      -5.3000            0.000431529421
query               -  2P8J                A      -3.0000            0.000556301966
query               -  1TW2                B      -3.3000            0.000556301966
query               -  2PBF                A      -3.0500            0.000556301966
query               -  2YXE                B      -3.3000            0.000556301966
query               -  1JG2                A      -5.0500            0.000431529421
query               -  1KPI                A      -4.3000            0.000485366065
query               -  3HTX                D      -4.5200            0.000460531010
query               -  3LDU                A      -4.5200            0.000460531010
query               -  3A25                A      -5.2200            0.000431529421
query               -  3A27                A      -5.0000            0.000431529421
query               -  3LPM                A      -4.7000            0.000460531010
query               -  3JWG                A      -3.5200            0.000523044204
query               -  3L8D                A      -5.0000            0.000431529421
query               -  3JWH                A      -3.4000            0.000556301966
