query               -  1MDM                A       0.2839            0.009382504039
query               -  2DNY                A       0.2919            0.009382504039
query               -  3C3M                A       0.0467            0.009382504039
query               -  1BYS                A       0.1079            0.009382504039
query               -  3DXZ                A       0.1865            0.009382504039
query               -  1HQZ                8       0.0849            0.009382504039
query               -  2D30                B       0.0883            0.009382504039
query               -  3CC8                A       0.0759            0.009382504039
query               -  2ID1                B       0.2408            0.009382504039
query               -  1UIT                A       0.0838            0.009382504039
query               -  2ETH                A       0.0804            0.009382504039
query               -  1UF1                A       0.1321            0.009382504039
query               -  3TMY                A       0.2703            0.009382504039
query               -  3C85                B       0.0713            0.009382504039
query               -  1X67                A       0.1381            0.009382504039
query               -  3FWZ                B       0.0242            0.009382504039
query               -  1WLM                A       0.0308            0.009382504039
query               -  2H00                B       0.0142            0.009382504039
query               -  2F06                A       0.2168            0.009382504039
query               -  2VLI                B       0.1157            0.009382504039
query               -  3E23                A       0.3521            0.009382504039
query               -  2W57                B       0.0053            0.009382504039
query               -  1U6M                C       0.0627            0.009382504039
query               -  2O57                D       0.0201            0.009382504039
query               -  2FL4                A       0.0272            0.009382504039
query               -  1S3J                B       0.0146            0.009382504039
query               -  3EDO                A       0.0828            0.009382504039
query               -  1RCO                M       0.0295            0.009382504039
query               -  2P6N                B       0.0419            0.009382504039
query               -  2RDM                C       0.0202            0.009382504039
query               -  2D4O                A       0.0273            0.009382504039
query               -  1E7K                B       0.0301            0.009382504039
query               -  2DB5                A       0.0345            0.009382504039
query               -  1XHE                A       0.1139            0.009382504039
query               -  2DBB                B       0.0138            0.009382504039
query               -  2GPY                B       1.0638            0.002200460760
query               -  3G5T                A       0.4097            0.009382504039
query               -  2P8I                B       0.2282            0.009382504039
query               -  3GNL                B       0.4934            0.009382504039
query               -  2E7P                C       0.0188            0.009382504039
query               -  1NT2                A       0.4062            0.009382504039
query               -  1WEL                A       0.2350            0.009382504039
query               -  2YVL                D       0.3713            0.009382504039
query               -  1Y80                A       0.0881            0.009382504039
query               -  3DR5                A       0.4594            0.009382504039
query               -  2ESR                A       0.7220            0.002505053068
query               -  2DIY                A       0.1057            0.009382504039
query               -  3D7A                A       0.0587            0.009382504039
query               -  1I9G                A       0.1489            0.009382504039
query               -  2KG4                A       0.0937            0.009382504039
query               -  3EWO                A       0.1216            0.009382504039
query               -  3EAS                B       0.0577            0.009382504039
query               -  3BJ6                B       0.1170            0.009382504039
query               -  1YZH                A       0.7158            0.002505053068
query               -  2K5T                A       0.0662            0.009382504039
query               -  2R47                A       0.2142            0.009382504039
query               -  1XSD                A       0.0186            0.009382504039
query               -  1Q77                B       0.1158            0.009382504039
query               -  2DMZ                A       0.2755            0.009382504039
query               -  3DMO                D       0.1738            0.009382504039
query               -  2K4M                A       0.3455            0.009382504039
query               -  2D5A                A       0.2837            0.009382504039
query               -  2QA4                G       0.0872            0.009382504039
query               -  2PXX                A       0.5231            0.002505053068
query               -  3EXN                A       0.0402            0.009382504039
query               -  3E6Q                C       0.0056            0.009382504039
query               -  1KJN                B       0.1956            0.009382504039
query               -  1CB7                A       0.1156            0.009382504039
query               -  2HJV                B       0.1158            0.009382504039
query               -  3DLI                A       0.0238            0.009382504039
query               -  1SKO                A       0.0827            0.009382504039
query               -  2JU5                A       0.1492            0.009382504039
query               -  3CVO                B       0.2702            0.009382504039
query               -  3FQ6                B       0.0049            0.009382504039
query               -  2RJN                A       0.0296            0.009382504039
query               -  1QMP                A       0.0971            0.009382504039
query               -  1U5T                B       0.0308            0.009382504039
query               -  3GTZ                C       0.0211            0.009382504039
query               -  1XBS                A       0.1349            0.009382504039
query               -  1FBN                A       0.4348            0.009382504039
query               -  3C3P                B       1.0876            0.002200460760
query               -  2BR3                D       0.0033            0.009382504039
query               -  1QPV                A       0.0805            0.009382504039
query               -  1CNU                A       0.2856            0.009382504039
query               -  3H5I                A       0.1681            0.009382504039
query               -  2IAB                B       0.1151            0.009382504039
query               -  2ALE                A       0.0886            0.009382504039
query               -  1J3M                B       0.0343            0.009382504039
query               -  2VUH                B       0.1378            0.009382504039
query               -  1Q5F                A       0.1592            0.009382504039
query               -  3DUL                B       0.7048            0.002505053068
query               -  3CFY                A       0.0267            0.009382504039
query               -  2IOJ                B       0.0982            0.009382504039
query               -  1Y81                A       0.0622            0.009382504039
query               -  2G1U                A       0.0738            0.009382504039
query               -  1S3N                A       0.2021            0.009382504039
query               -  2I7R                B       0.0365            0.009382504039
query               -  3G6E                F       0.1657            0.009382504039
query               -  1NBH                B       0.0349            0.009382504039
query               -  1F4K                B       0.3044            0.009382504039
query               -  2FCA                A       0.5008            0.002505053068
query               -  1NF3                C       0.0404            0.009382504039
query               -  1HKQ                A       0.0256            0.009382504039
query               -  2CL5                B       0.5718            0.002505053068
query               -  3CBG                A       0.3200            0.009382504039
query               -  3H2B                B       0.1549            0.009382504039
query               -  1PXW                B       0.1369            0.009382504039
query               -  2J48                A       0.3960            0.009382504039
query               -  3BY6                A       0.0120            0.009382504039
query               -  1ON0                D       0.0937            0.009382504039
query               -  1PJZ                A       0.0521            0.009382504039
query               -  2AVD                B       0.1102            0.009382504039
query               -  1YLK                D       0.2515            0.009382504039
query               -  3EVZ                A       0.7270            0.002505053068
query               -  3C3Y                A       0.2462            0.009382504039
query               -  3HP7                A       0.1083            0.009382504039
query               -  3FPJ                B       0.3599            0.009382504039
query               -  3KR9                A       0.2754            0.009382504039
query               -  3LEC                A       0.2070            0.009382504039
query               -  3M33                A       0.0378            0.009382504039
query               -  3FZG                A       0.1924            0.009382504039
query               -  3HNR                A       0.4547            0.009382504039
query               -  3I9F                B       0.7152            0.002505053068
query               -  3IHT                A       0.1157            0.009382504039
query               -  3KRM                A       0.0099            0.009382504039
query               -  2KD5                A       0.0410            0.009382504039
query               -  3HV2                A       0.1446            0.009382504039
query               -  3KYJ                B       0.0414            0.009382504039
query               -  3LUA                A       0.1330            0.009382504039
query               -  3HAX                D       0.1450            0.009382504039
query               -  3HOF                A       0.0526            0.009382504039
query               -  3HK4                A       0.0665            0.009382504039
query               -  3IC5                A       0.0469            0.009382504039
