engine error 0: Exit normaly (file looppeng/SOURCE/SRC/main.c, line 339)
engine error 0: Exit normaly (file looppeng/SOURCE/SRC/main.c, line 339)
engine error 0: Exit normaly (file looppeng/SOURCE/SRC/main.c, line 339)
engine error 0: Exit normaly (file looppeng/SOURCE/SRC/main.c, line 339)
engine error 0: Exit normaly (file looppeng/SOURCE/SRC/main.c, line 339)
engine error 0: Exit normaly (file looppeng/SOURCE/SRC/main.c, line 339)
engine error 0: Exit normaly (file looppeng/SOURCE/SRC/main.c, line 339)
engine error 0: Exit normaly (file looppeng/SOURCE/SRC/main.c, line 339)
engine error 0: Exit normaly (file looppeng/SOURCE/SRC/main.c, line 339)
engine error 0: Exit normaly (file looppeng/SOURCE/SRC/main.c, line 339)
engine error 0: Exit normaly (file looppeng/SOURCE/SRC/main.c, line 339)
engine error 0: Exit normaly (file looppeng/SOURCE/SRC/main.c, line 339)
engine error 0: Exit normaly (file looppeng/SOURCE/SRC/main.c, line 339)
engine error 0: Exit normaly (file looppeng/SOURCE/SRC/main.c, line 339)
engine error 0: Exit normaly (file looppeng/SOURCE/SRC/main.c, line 339)
engine error 0: Exit normaly (file looppeng/SOURCE/SRC/main.c, line 339)
engine error 0: Exit normaly (file looppeng/SOURCE/SRC/main.c, line 339)
engine error 0: Exit normaly (file looppeng/SOURCE/SRC/main.c, line 339)
engine error 0: Exit normaly (file looppeng/SOURCE/SRC/main.c, line 339)
engine error 0: Exit normaly (file looppeng/SOURCE/SRC/main.c, line 339)
engine error 0: Exit normaly (file looppeng/SOURCE/SRC/main.c, line 339)
engine error 0: Exit normaly (file looppeng/SOURCE/SRC/main.c, line 339)
engine error 0: Exit normaly (file looppeng/SOURCE/SRC/main.c, line 339)
engine error 0: Exit normaly (file looppeng/SOURCE/SRC/main.c, line 339)
engine error 0: Exit normaly (file looppeng/SOURCE/SRC/main.c, line 339)
engine error 0: Exit normaly (file looppeng/SOURCE/SRC/main.c, line 339)
engine error 0: Exit normaly (file looppeng/SOURCE/SRC/main.c, line 339)
engine error 0: Exit normaly (file looppeng/SOURCE/SRC/main.c, line 339)
engine error 0: Exit normaly (file looppeng/SOURCE/SRC/main.c, line 339)
engine error 0: Exit normaly (file looppeng/SOURCE/SRC/main.c, line 339)
engine error 0: Exit normaly (file looppeng/SOURCE/SRC/main.c, line 339)
engine error 0: Exit normaly (file looppeng/SOURCE/SRC/main.c, line 339)
engine error 0: Exit normaly (file looppeng/SOURCE/SRC/main.c, line 339)
engine error 0: Exit normaly (file looppeng/SOURCE/SRC/main.c, line 339)
engine error 0: Exit normaly (file looppeng/SOURCE/SRC/main.c, line 339)
engine error 0: Exit normaly (file looppeng/SOURCE/SRC/main.c, line 339)
engine error 0: Exit normaly (file looppeng/SOURCE/SRC/main.c, line 339)
engine error 0: Exit normaly (file looppeng/SOURCE/SRC/main.c, line 339)
engine error 0: Exit normaly (file looppeng/SOURCE/SRC/main.c, line 339)
engine error 0: Exit normaly (file looppeng/SOURCE/SRC/main.c, line 339)
engine error 0: Exit normaly (file looppeng/SOURCE/SRC/main.c, line 339)
engine error 0: Exit normaly (file looppeng/SOURCE/SRC/main.c, line 339)
engine error 0: Exit normaly (file looppeng/SOURCE/SRC/main.c, line 339)
engine error 0: Exit normaly (file looppeng/SOURCE/SRC/main.c, line 339)
engine error 0: Exit normaly (file looppeng/SOURCE/SRC/main.c, line 339)
engine error 0: Exit normaly (file looppeng/SOURCE/SRC/main.c, line 339)
engine error 0: Exit normaly (file looppeng/SOURCE/SRC/main.c, line 339)
engine error 0: Exit normaly (file looppeng/SOURCE/SRC/main.c, line 339)
engine error 0: Exit normaly (file looppeng/SOURCE/SRC/main.c, line 339)
engine error 0: Exit normaly (file looppeng/SOURCE/SRC/main.c, line 339)
engine error 0: Exit normaly (file looppeng/SOURCE/SRC/main.c, line 339)
engine error 0: Exit normaly (file looppeng/SOURCE/SRC/main.c, line 339)
engine error 0: Exit normaly (file looppeng/SOURCE/SRC/main.c, line 339)
engine error 0: Exit normaly (file looppeng/SOURCE/SRC/main.c, line 339)
engine error 0: Exit normaly (file looppeng/SOURCE/SRC/main.c, line 339)
engine error 0: Exit normaly (file looppeng/SOURCE/SRC/main.c, line 339)
engine error 0: Exit normaly (file looppeng/SOURCE/SRC/main.c, line 339)
engine error 0: Exit normaly (file looppeng/SOURCE/SRC/main.c, line 339)
engine error 0: Exit normaly (file looppeng/SOURCE/SRC/main.c, line 339)
engine error 0: Exit normaly (file looppeng/SOURCE/SRC/main.c, line 339)
engine error 0: Exit normaly (file looppeng/SOURCE/SRC/main.c, line 339)
engine error 0: Exit normaly (file looppeng/SOURCE/SRC/main.c, line 339)
engine error 0: Exit normaly (file looppeng/SOURCE/SRC/main.c, line 339)
engine error 0: Exit normaly (file looppeng/SOURCE/SRC/main.c, line 339)
engine error 0: Exit normaly (file looppeng/SOURCE/SRC/main.c, line 339)
engine error 0: Exit normaly (file looppeng/SOURCE/SRC/main.c, line 339)
engine error 0: Exit normaly (file looppeng/SOURCE/SRC/main.c, line 339)
engine error 0: Exit normaly (file looppeng/SOURCE/SRC/main.c, line 339)
engine error 0: Exit normaly (file looppeng/SOURCE/SRC/main.c, line 339)
engine error 0: Exit normaly (file looppeng/SOURCE/SRC/main.c, line 339)
engine error 0: Exit normaly (file looppeng/SOURCE/SRC/main.c, line 339)
engine error 0: Exit normaly (file looppeng/SOURCE/SRC/main.c, line 339)
engine error 0: Exit normaly (file looppeng/SOURCE/SRC/main.c, line 339)
engine error 0: Exit normaly (file looppeng/SOURCE/SRC/main.c, line 339)
engine error 0: Exit normaly (file looppeng/SOURCE/SRC/main.c, line 339)
engine error 0: Exit normaly (file looppeng/SOURCE/SRC/main.c, line 339)
engine error 0: Exit normaly (file looppeng/SOURCE/SRC/main.c, line 339)
engine error 0: Exit normaly (file looppeng/SOURCE/SRC/main.c, line 339)
engine error 0: Exit normaly (file looppeng/SOURCE/SRC/main.c, line 339)
engine error 0: Exit normaly (file looppeng/SOURCE/SRC/main.c, line 339)
engine error 0: Exit normaly (file looppeng/SOURCE/SRC/main.c, line 339)
engine error 0: Exit normaly (file looppeng/SOURCE/SRC/main.c, line 339)
engine error 0: Exit normaly (file looppeng/SOURCE/SRC/main.c, line 339)
engine error 0: Exit normaly (file looppeng/SOURCE/SRC/main.c, line 339)
engine error 0: Exit normaly (file looppeng/SOURCE/SRC/main.c, line 339)
engine error 0: Exit normaly (file looppeng/SOURCE/SRC/main.c, line 339)
engine error 0: Exit normaly (file looppeng/SOURCE/SRC/main.c, line 339)
engine error 0: Exit normaly (file looppeng/SOURCE/SRC/main.c, line 339)
engine error 0: Exit normaly (file looppeng/SOURCE/SRC/main.c, line 339)
engine error 0: Exit normaly (file looppeng/SOURCE/SRC/main.c, line 339)
engine error 0: Exit normaly (file looppeng/SOURCE/SRC/main.c, line 339)
engine error 0: Exit normaly (file looppeng/SOURCE/SRC/main.c, line 339)
engine error 0: Exit normaly (file looppeng/SOURCE/SRC/main.c, line 339)
engine error 0: Exit normaly (file looppeng/SOURCE/SRC/main.c, line 339)
engine error 0: Exit normaly (file looppeng/SOURCE/SRC/main.c, line 339)
engine error 0: Exit normaly (file looppeng/SOURCE/SRC/main.c, line 339)
engine error 0: Exit normaly (file looppeng/SOURCE/SRC/main.c, line 339)
engine error 0: Exit normaly (file looppeng/SOURCE/SRC/main.c, line 339)
engine error 0: Exit normaly (file looppeng/SOURCE/SRC/main.c, line 339)
engine error 0: Exit normaly (file looppeng/SOURCE/SRC/main.c, line 339)
engine error 0: Exit normaly (file looppeng/SOURCE/SRC/main.c, line 339)
engine error 0: Exit normaly (file looppeng/SOURCE/SRC/main.c, line 339)
engine error 0: Exit normaly (file looppeng/SOURCE/SRC/main.c, line 339)
engine error 0: Exit normaly (file looppeng/SOURCE/SRC/main.c, line 339)
engine error 0: Exit normaly (file looppeng/SOURCE/SRC/main.c, line 339)
engine error 0: Exit normaly (file looppeng/SOURCE/SRC/main.c, line 339)
engine error 0: Exit normaly (file looppeng/SOURCE/SRC/main.c, line 339)
engine error 0: Exit normaly (file looppeng/SOURCE/SRC/main.c, line 339)
engine error 0: Exit normaly (file looppeng/SOURCE/SRC/main.c, line 339)
engine error 0: Exit normaly (file looppeng/SOURCE/SRC/main.c, line 339)
engine error 0: Exit normaly (file looppeng/SOURCE/SRC/main.c, line 339)
engine error 0: Exit normaly (file looppeng/SOURCE/SRC/main.c, line 339)
engine error 0: Exit normaly (file looppeng/SOURCE/SRC/main.c, line 339)
engine error 0: Exit normaly (file looppeng/SOURCE/SRC/main.c, line 339)
engine error 0: Exit normaly (file looppeng/SOURCE/SRC/main.c, line 339)
engine error 0: Exit normaly (file looppeng/SOURCE/SRC/main.c, line 339)
engine error 0: Exit normaly (file looppeng/SOURCE/SRC/main.c, line 339)
engine error 0: Exit normaly (file looppeng/SOURCE/SRC/main.c, line 339)
engine error 0: Exit normaly (file looppeng/SOURCE/SRC/main.c, line 339)
engine error 0: Exit normaly (file looppeng/SOURCE/SRC/main.c, line 339)
engine error 0: Exit normaly (file looppeng/SOURCE/SRC/main.c, line 339)
engine error 0: Exit normaly (file looppeng/SOURCE/SRC/main.c, line 339)
engine error 0: Exit normaly (file looppeng/SOURCE/SRC/main.c, line 339)
engine error 0: Exit normaly (file looppeng/SOURCE/SRC/main.c, line 339)
engine error 0: Exit normaly (file looppeng/SOURCE/SRC/main.c, line 339)
engine error 0: Exit normaly (file looppeng/SOURCE/SRC/main.c, line 339)
engine error 0: Exit normaly (file looppeng/SOURCE/SRC/main.c, line 339)
engine error 0: Exit normaly (file looppeng/SOURCE/SRC/main.c, line 339)
engine error 0: Exit normaly (file looppeng/SOURCE/SRC/main.c, line 339)
engine error 0: Exit normaly (file looppeng/SOURCE/SRC/main.c, line 339)
engine error 0: Exit normaly (file looppeng/SOURCE/SRC/main.c, line 339)
engine error 0: Exit normaly (file looppeng/SOURCE/SRC/main.c, line 339)
engine error 0: Exit normaly (file looppeng/SOURCE/SRC/main.c, line 339)
engine error 0: Exit normaly (file looppeng/SOURCE/SRC/main.c, line 339)
engine error 0: Exit normaly (file looppeng/SOURCE/SRC/main.c, line 339)
engine error 0: Exit normaly (file looppeng/SOURCE/SRC/main.c, line 339)
engine error 0: Exit normaly (file looppeng/SOURCE/SRC/main.c, line 339)
engine error 0: Exit normaly (file looppeng/SOURCE/SRC/main.c, line 339)
engine error 0: Exit normaly (file looppeng/SOURCE/SRC/main.c, line 339)
engine error 0: Exit normaly (file looppeng/SOURCE/SRC/main.c, line 339)
engine error 0: Exit normaly (file looppeng/SOURCE/SRC/main.c, line 339)
engine error 0: Exit normaly (file looppeng/SOURCE/SRC/main.c, line 339)
engine error 0: Exit normaly (file looppeng/SOURCE/SRC/main.c, line 339)
engine error 0: Exit normaly (file looppeng/SOURCE/SRC/main.c, line 339)
engine error 0: Exit normaly (file looppeng/SOURCE/SRC/main.c, line 339)
engine error 0: Exit normaly (file looppeng/SOURCE/SRC/main.c, line 339)
engine error 0: Exit normaly (file looppeng/SOURCE/SRC/main.c, line 339)
engine error 0: Exit normaly (file looppeng/SOURCE/SRC/main.c, line 339)
engine error 0: Exit normaly (file looppeng/SOURCE/SRC/main.c, line 339)
engine error 0: Exit normaly (file looppeng/SOURCE/SRC/main.c, line 339)
engine error 0: Exit normaly (file looppeng/SOURCE/SRC/main.c, line 339)
engine error 0: Exit normaly (file looppeng/SOURCE/SRC/main.c, line 339)
engine error 0: Exit normaly (file looppeng/SOURCE/SRC/main.c, line 339)
engine error 0: Exit normaly (file looppeng/SOURCE/SRC/main.c, line 339)
engine error 0: Exit normaly (file looppeng/SOURCE/SRC/main.c, line 339)
engine error 0: Exit normaly (file looppeng/SOURCE/SRC/main.c, line 339)
engine error 0: Exit normaly (file looppeng/SOURCE/SRC/main.c, line 339)
engine error 0: Exit normaly (file looppeng/SOURCE/SRC/main.c, line 339)
engine error 0: Exit normaly (file looppeng/SOURCE/SRC/main.c, line 339)
engine error 0: Exit normaly (file looppeng/SOURCE/SRC/main.c, line 339)
engine error 0: Exit normaly (file looppeng/SOURCE/SRC/main.c, line 339)
engine error 0: Exit normaly (file looppeng/SOURCE/SRC/main.c, line 339)
engine error 0: Exit normaly (file looppeng/SOURCE/SRC/main.c, line 339)
engine error 0: Exit normaly (file looppeng/SOURCE/SRC/main.c, line 339)
engine error 0: Exit normaly (file looppeng/SOURCE/SRC/main.c, line 339)
engine error 0: Exit normaly (file looppeng/SOURCE/SRC/main.c, line 339)
engine error 0: Exit normaly (file looppeng/SOURCE/SRC/main.c, line 339)
engine error 0: Exit normaly (file looppeng/SOURCE/SRC/main.c, line 339)
engine error 0: Exit normaly (file looppeng/SOURCE/SRC/main.c, line 339)
engine error 0: Exit normaly (file looppeng/SOURCE/SRC/main.c, line 339)
engine error 0: Exit normaly (file looppeng/SOURCE/SRC/main.c, line 339)
engine error 0: Exit normaly (file looppeng/SOURCE/SRC/main.c, line 339)
engine error 0: Exit normaly (file looppeng/SOURCE/SRC/main.c, line 339)
engine error 0: Exit normaly (file looppeng/SOURCE/SRC/main.c, line 339)
engine error 0: Exit normaly (file looppeng/SOURCE/SRC/main.c, line 339)
engine error 0: Exit normaly (file looppeng/SOURCE/SRC/main.c, line 339)
engine error 0: Exit normaly (file looppeng/SOURCE/SRC/main.c, line 339)
engine error 0: Exit normaly (file looppeng/SOURCE/SRC/main.c, line 339)
engine error 0: Exit normaly (file looppeng/SOURCE/SRC/main.c, line 339)
engine error 0: Exit normaly (file looppeng/SOURCE/SRC/main.c, line 339)
engine error 0: Exit normaly (file looppeng/SOURCE/SRC/main.c, line 339)
engine error 0: Exit normaly (file looppeng/SOURCE/SRC/main.c, line 339)
engine error 0: Exit normaly (file looppeng/SOURCE/SRC/main.c, line 339)
engine error 0: Exit normaly (file looppeng/SOURCE/SRC/main.c, line 339)
engine error 0: Exit normaly (file looppeng/SOURCE/SRC/main.c, line 339)
engine error 0: Exit normaly (file looppeng/SOURCE/SRC/main.c, line 339)
engine error 0: Exit normaly (file looppeng/SOURCE/SRC/main.c, line 339)
engine error 0: Exit normaly (file looppeng/SOURCE/SRC/main.c, line 339)
engine error 0: Exit normaly (file looppeng/SOURCE/SRC/main.c, line 339)
engine error 0: Exit normaly (file looppeng/SOURCE/SRC/main.c, line 339)
engine error 0: Exit normaly (file looppeng/SOURCE/SRC/main.c, line 339)
engine error 0: Exit normaly (file looppeng/SOURCE/SRC/main.c, line 339)
engine error 0: Exit normaly (file looppeng/SOURCE/SRC/main.c, line 339)
engine error 0: Exit normaly (file looppeng/SOURCE/SRC/main.c, line 339)
engine error 0: Exit normaly (file looppeng/SOURCE/SRC/main.c, line 339)
engine error 0: Exit normaly (file looppeng/SOURCE/SRC/main.c, line 339)
engine error 0: Exit normaly (file looppeng/SOURCE/SRC/main.c, line 339)
engine error 0: Exit normaly (file looppeng/SOURCE/SRC/main.c, line 339)
engine error 0: Exit normaly (file looppeng/SOURCE/SRC/main.c, line 339)
engine error 0: Exit normaly (file looppeng/SOURCE/SRC/main.c, line 339)
engine error 0: Exit normaly (file looppeng/SOURCE/SRC/main.c, line 339)
engine error 0: Exit normaly (file looppeng/SOURCE/SRC/main.c, line 339)
engine error 0: Exit normaly (file looppeng/SOURCE/SRC/main.c, line 339)
engine error 0: Exit normaly (file looppeng/SOURCE/SRC/main.c, line 339)
engine error 0: Exit normaly (file looppeng/SOURCE/SRC/main.c, line 339)
engine error 0: Exit normaly (file looppeng/SOURCE/SRC/main.c, line 339)
engine error 0: Exit normaly (file looppeng/SOURCE/SRC/main.c, line 339)
engine error 0: Exit normaly (file looppeng/SOURCE/SRC/main.c, line 339)
engine error 0: Exit normaly (file looppeng/SOURCE/SRC/main.c, line 339)
engine error 0: Exit normaly (file looppeng/SOURCE/SRC/main.c, line 339)
engine error 0: Exit normaly (file looppeng/SOURCE/SRC/main.c, line 339)
engine error 0: Exit normaly (file looppeng/SOURCE/SRC/main.c, line 339)
engine error 0: Exit normaly (file looppeng/SOURCE/SRC/main.c, line 339)
engine error 0: Exit normaly (file looppeng/SOURCE/SRC/main.c, line 339)
engine error 0: Exit normaly (file looppeng/SOURCE/SRC/main.c, line 339)
engine error 0: Exit normaly (file looppeng/SOURCE/SRC/main.c, line 339)
engine error 0: Exit normaly (file looppeng/SOURCE/SRC/main.c, line 339)
engine error 0: Exit normaly (file looppeng/SOURCE/SRC/main.c, line 339)
engine error 0: Exit normaly (file looppeng/SOURCE/SRC/main.c, line 339)
engine error 0: Exit normaly (file looppeng/SOURCE/SRC/main.c, line 339)
engine error 0: Exit normaly (file looppeng/SOURCE/SRC/main.c, line 339)
engine error 0: Exit normaly (file looppeng/SOURCE/SRC/main.c, line 339)
engine error 0: Exit normaly (file looppeng/SOURCE/SRC/main.c, line 339)
engine error 0: Exit normaly (file looppeng/SOURCE/SRC/main.c, line 339)
engine error 0: Exit normaly (file looppeng/SOURCE/SRC/main.c, line 339)
engine error 0: Exit normaly (file looppeng/SOURCE/SRC/main.c, line 339)
engine error 0: Exit normaly (file looppeng/SOURCE/SRC/main.c, line 339)
engine error 0: Exit normaly (file looppeng/SOURCE/SRC/main.c, line 339)
engine error 0: Exit normaly (file looppeng/SOURCE/SRC/main.c, line 339)
engine error 0: Exit normaly (file looppeng/SOURCE/SRC/main.c, line 339)
engine error 0: Exit normaly (file looppeng/SOURCE/SRC/main.c, line 339)
engine error 0: Exit normaly (file looppeng/SOURCE/SRC/main.c, line 339)
engine error 0: Exit normaly (file looppeng/SOURCE/SRC/main.c, line 339)
engine error 0: Exit normaly (file looppeng/SOURCE/SRC/main.c, line 339)
engine error 0: Exit normaly (file looppeng/SOURCE/SRC/main.c, line 339)
engine error 0: Exit normaly (file looppeng/SOURCE/SRC/main.c, line 339)
engine error 0: Exit normaly (file looppeng/SOURCE/SRC/main.c, line 339)
engine error 0: Exit normaly (file looppeng/SOURCE/SRC/main.c, line 339)
engine error 0: Exit normaly (file looppeng/SOURCE/SRC/main.c, line 339)
engine error 0: Exit normaly (file looppeng/SOURCE/SRC/main.c, line 339)
engine error 0: Exit normaly (file looppeng/SOURCE/SRC/main.c, line 339)
engine error 0: Exit normaly (file looppeng/SOURCE/SRC/main.c, line 339)
engine error 0: Exit normaly (file looppeng/SOURCE/SRC/main.c, line 339)
engine error 0: Exit normaly (file looppeng/SOURCE/SRC/main.c, line 339)
engine error 0: Exit normaly (file looppeng/SOURCE/SRC/main.c, line 339)
engine error 0: Exit normaly (file looppeng/SOURCE/SRC/main.c, line 339)
engine error 0: Exit normaly (file looppeng/SOURCE/SRC/main.c, line 339)
engine error 0: Exit normaly (file looppeng/SOURCE/SRC/main.c, line 339)
engine error 0: Exit normaly (file looppeng/SOURCE/SRC/main.c, line 339)
engine error 0: Exit normaly (file looppeng/SOURCE/SRC/main.c, line 339)
engine error 0: Exit normaly (file looppeng/SOURCE/SRC/main.c, line 339)
engine error 0: Exit normaly (file looppeng/SOURCE/SRC/main.c, line 339)
engine error 0: Exit normaly (file looppeng/SOURCE/SRC/main.c, line 339)
engine error 0: Exit normaly (file looppeng/SOURCE/SRC/main.c, line 339)
engine error 0: Exit normaly (file looppeng/SOURCE/SRC/main.c, line 339)
engine error 0: Exit normaly (file looppeng/SOURCE/SRC/main.c, line 339)
engine error 0: Exit normaly (file looppeng/SOURCE/SRC/main.c, line 339)
engine error 0: Exit normaly (file looppeng/SOURCE/SRC/main.c, line 339)
engine error 0: Exit normaly (file looppeng/SOURCE/SRC/main.c, line 339)
engine error 0: Exit normaly (file looppeng/SOURCE/SRC/main.c, line 339)
engine error 0: Exit normaly (file looppeng/SOURCE/SRC/main.c, line 339)
  In drv_modeller2loopp_Te13
    get_model returned 1E2FB330
    read_scoring_matrixes done.
    opened alignment files
    parsed chain 2 loop format
In get_te13_gap_per_site with protein modl
In get_te13_gap_per_site with protein modl
    finished get_ 4 times
    got posterior energy
    computed reverse energy
    computed z-score (-180.28)
    printed results to files
    cleaned prot
    cleaned model
  leaving function
engine error 0: Exit normaly (file looppeng/SOURCE/SRC/main.c, line 339)
engine error 0: Exit normaly (file looppeng/SOURCE/SRC/main.c, line 339)
  In drv_modeller2loopp_Te13
    get_model returned FC14330
    read_scoring_matrixes done.
    opened alignment files
    parsed chain 2 loop format
In get_te13_gap_per_site with protein modl
In get_te13_gap_per_site with protein modl
    finished get_ 4 times
    got posterior energy
    computed reverse energy
    computed z-score (-123.457)
    printed results to files
    cleaned prot
    cleaned model
  leaving function
engine error 0: Exit normaly (file looppeng/SOURCE/SRC/main.c, line 339)
engine error 0: Exit normaly (file looppeng/SOURCE/SRC/main.c, line 339)
  In drv_modeller2loopp_Te13
    get_model returned B89B330
    read_scoring_matrixes done.
    opened alignment files
    parsed chain 2 loop format
In get_te13_gap_per_site with protein modl
In get_te13_gap_per_site with protein modl
    finished get_ 4 times
    got posterior energy
    computed reverse energy
    computed z-score (-95.7534)
    printed results to files
    cleaned prot
    cleaned model
  leaving function
engine error 0: Exit normaly (file looppeng/SOURCE/SRC/main.c, line 339)
engine error 0: Exit normaly (file looppeng/SOURCE/SRC/main.c, line 339)
  In drv_modeller2loopp_Te13
    get_model returned 1A3D6330
    read_scoring_matrixes done.
    opened alignment files
    parsed chain 2 loop format
In get_te13_gap_per_site with protein modl
In get_te13_gap_per_site with protein modl
    finished get_ 4 times
    got posterior energy
    computed reverse energy
    computed z-score (-137.313)
    printed results to files
    cleaned prot
    cleaned model
  leaving function
engine error 0: Exit normaly (file looppeng/SOURCE/SRC/main.c, line 339)
engine error 0: Exit normaly (file looppeng/SOURCE/SRC/main.c, line 339)
  In drv_modeller2loopp_Te13
    get_model returned 5FD5330
    read_scoring_matrixes done.
    opened alignment files
    parsed chain 2 loop format
In get_te13_gap_per_site with protein modl
In get_te13_gap_per_site with protein modl
    finished get_ 4 times
    got posterior energy
    computed reverse energy
    computed z-score (-119.617)
    printed results to files
    cleaned prot
    cleaned model
  leaving function
engine error 0: Exit normaly (file looppeng/SOURCE/SRC/main.c, line 339)
engine error 0: Exit normaly (file looppeng/SOURCE/SRC/main.c, line 339)
  In drv_modeller2loopp_Te13
    get_model returned A100330
    read_scoring_matrixes done.
    opened alignment files
    parsed chain 2 loop format
In get_te13_gap_per_site with protein modl
In get_te13_gap_per_site with protein modl
    finished get_ 4 times
    got posterior energy
    computed reverse energy
    computed z-score (-141.59)
    printed results to files
    cleaned prot
    cleaned model
  leaving function
engine error 0: Exit normaly (file looppeng/SOURCE/SRC/main.c, line 339)
engine error 0: Exit normaly (file looppeng/SOURCE/SRC/main.c, line 339)
  In drv_modeller2loopp_Te13
    get_model returned D4D3330
    read_scoring_matrixes done.
    opened alignment files
    parsed chain 2 loop format
In get_te13_gap_per_site with protein modl
In get_te13_gap_per_site with protein modl
    finished get_ 4 times
    got posterior energy
    computed reverse energy
    computed z-score (-153.008)
    printed results to files
    cleaned prot
    cleaned model
  leaving function
engine error 0: Exit normaly (file looppeng/SOURCE/SRC/main.c, line 339)
engine error 0: Exit normaly (file looppeng/SOURCE/SRC/main.c, line 339)
  In drv_modeller2loopp_Te13
    get_model returned 14F9C330
    read_scoring_matrixes done.
    opened alignment files
    parsed chain 2 loop format
In get_te13_gap_per_site with protein modl
In get_te13_gap_per_site with protein modl
    finished get_ 4 times
    got posterior energy
    computed reverse energy
    computed z-score (-106.919)
    printed results to files
    cleaned prot
    cleaned model
  leaving function
engine error 0: Exit normaly (file looppeng/SOURCE/SRC/main.c, line 339)
engine error 0: Exit normaly (file looppeng/SOURCE/SRC/main.c, line 339)
  In drv_modeller2loopp_Te13
    get_model returned 9707330
    read_scoring_matrixes done.
    opened alignment files
    parsed chain 2 loop format
In get_te13_gap_per_site with protein modl
In get_te13_gap_per_site with protein modl
    finished get_ 4 times
    got posterior energy
    computed reverse energy
    computed z-score (-143.329)
    printed results to files
    cleaned prot
    cleaned model
  leaving function
engine error 0: Exit normaly (file looppeng/SOURCE/SRC/main.c, line 339)
engine error 0: Exit normaly (file looppeng/SOURCE/SRC/main.c, line 339)
  In drv_modeller2loopp_Te13
    get_model returned 12346330
    read_scoring_matrixes done.
    opened alignment files
    parsed chain 2 loop format
In get_te13_gap_per_site with protein modl
In get_te13_gap_per_site with protein modl
    finished get_ 4 times
    got posterior energy
    computed reverse energy
    computed z-score (-144.916)
    printed results to files
    cleaned prot
    cleaned model
  leaving function
engine error 0: Exit normaly (file looppeng/SOURCE/SRC/main.c, line 339)
engine error 0: Exit normaly (file looppeng/SOURCE/SRC/main.c, line 339)
  In drv_modeller2loopp_Te13
    get_model returned CA91330
    read_scoring_matrixes done.
    opened alignment files
    parsed chain 2 loop format
In get_te13_gap_per_site with protein modl
In get_te13_gap_per_site with protein modl
    finished get_ 4 times
    got posterior energy
    computed reverse energy
    computed z-score (-92.1179)
    printed results to files
    cleaned prot
    cleaned model
  leaving function
engine error 0: Exit normaly (file looppeng/SOURCE/SRC/main.c, line 339)
engine error 0: Exit normaly (file looppeng/SOURCE/SRC/main.c, line 339)
  In drv_modeller2loopp_Te13
    get_model returned 128C3330
    read_scoring_matrixes done.
    opened alignment files
    parsed chain 2 loop format
In get_te13_gap_per_site with protein modl
In get_te13_gap_per_site with protein modl
    finished get_ 4 times
    got posterior energy
    computed reverse energy
    computed z-score (-134.163)
    printed results to files
    cleaned prot
    cleaned model
  leaving function
engine error 0: Exit normaly (file looppeng/SOURCE/SRC/main.c, line 339)
engine error 0: Exit normaly (file looppeng/SOURCE/SRC/main.c, line 339)
  In drv_modeller2loopp_Te13
    get_model returned 2359330
    read_scoring_matrixes done.
    opened alignment files
    parsed chain 2 loop format
In get_te13_gap_per_site with protein modl
In get_te13_gap_per_site with protein modl
    finished get_ 4 times
    got posterior energy
    computed reverse energy
    computed z-score (-109.724)
    printed results to files
    cleaned prot
    cleaned model
  leaving function
engine error 0: Exit normaly (file looppeng/SOURCE/SRC/main.c, line 339)
engine error 0: Exit normaly (file looppeng/SOURCE/SRC/main.c, line 339)
  In drv_modeller2loopp_Te13
    get_model returned 11557330
    read_scoring_matrixes done.
    opened alignment files
    parsed chain 2 loop format
In get_te13_gap_per_site with protein modl
In get_te13_gap_per_site with protein modl
    finished get_ 4 times
    got posterior energy
    computed reverse energy
    computed z-score (-102.216)
    printed results to files
    cleaned prot
    cleaned model
  leaving function
engine error 0: Exit normaly (file looppeng/SOURCE/SRC/main.c, line 339)
engine error 0: Exit normaly (file looppeng/SOURCE/SRC/main.c, line 339)
  In drv_modeller2loopp_Te13
    get_model returned 5757330
    read_scoring_matrixes done.
    opened alignment files
    parsed chain 2 loop format
In get_te13_gap_per_site with protein modl
In get_te13_gap_per_site with protein modl
    finished get_ 4 times
    got posterior energy
    computed reverse energy
    printed results to files
    cleaned prot
    cleaned model
  leaving function
engine error 0: Exit normaly (file looppeng/SOURCE/SRC/main.c, line 339)
engine error 0: Exit normaly (file looppeng/SOURCE/SRC/main.c, line 339)
  In drv_modeller2loopp_Te13
    get_model returned D9F6330
    read_scoring_matrixes done.
    opened alignment files
    parsed chain 2 loop format
In get_te13_gap_per_site with protein modl
In get_te13_gap_per_site with protein modl
    finished get_ 4 times
    got posterior energy
    computed reverse energy
    computed z-score (-79.7652)
    printed results to files
    cleaned prot
    cleaned model
  leaving function
engine error 0: Exit normaly (file looppeng/SOURCE/SRC/main.c, line 339)
engine error 0: Exit normaly (file looppeng/SOURCE/SRC/main.c, line 339)
  In drv_modeller2loopp_Te13
    get_model returned 1D5A4330
    read_scoring_matrixes done.
    opened alignment files
    parsed chain 2 loop format
In get_te13_gap_per_site with protein modl
In get_te13_gap_per_site with protein modl
    finished get_ 4 times
    got posterior energy
    computed reverse energy
    computed z-score (-128.181)
    printed results to files
    cleaned prot
    cleaned model
  leaving function
engine error 0: Exit normaly (file looppeng/SOURCE/SRC/main.c, line 339)
engine error 0: Exit normaly (file looppeng/SOURCE/SRC/main.c, line 339)
  In drv_modeller2loopp_Te13
    get_model returned D260330
    read_scoring_matrixes done.
    opened alignment files
    parsed chain 2 loop format
In get_te13_gap_per_site with protein modl
In get_te13_gap_per_site with protein modl
    finished get_ 4 times
    got posterior energy
    computed reverse energy
    computed z-score (-147.241)
    printed results to files
    cleaned prot
    cleaned model
  leaving function
engine error 0: Exit normaly (file looppeng/SOURCE/SRC/main.c, line 339)
engine error 0: Exit normaly (file looppeng/SOURCE/SRC/main.c, line 339)
  In drv_modeller2loopp_Te13
    get_model returned 8731330
    read_scoring_matrixes done.
    opened alignment files
    parsed chain 2 loop format
In get_te13_gap_per_site with protein modl
In get_te13_gap_per_site with protein modl
    finished get_ 4 times
    got posterior energy
    computed reverse energy
    printed results to files
    cleaned prot
    cleaned model
  leaving function
engine error 0: Exit normaly (file looppeng/SOURCE/SRC/main.c, line 339)
engine error 0: Exit normaly (file looppeng/SOURCE/SRC/main.c, line 339)
  In drv_modeller2loopp_Te13
    get_model returned D8B3330
    read_scoring_matrixes done.
    opened alignment files
    parsed chain 2 loop format
In get_te13_gap_per_site with protein modl
In get_te13_gap_per_site with protein modl
    finished get_ 4 times
    got posterior energy
    computed reverse energy
    computed z-score (-85.3214)
    printed results to files
    cleaned prot
    cleaned model
  leaving function
engine error 0: Exit normaly (file looppeng/SOURCE/SRC/main.c, line 339)
engine error 0: Exit normaly (file looppeng/SOURCE/SRC/main.c, line 339)
  In drv_modeller2loopp_Te13
    get_model returned 15FA7330
    read_scoring_matrixes done.
    opened alignment files
    parsed chain 2 loop format
In get_te13_gap_per_site with protein modl
In get_te13_gap_per_site with protein modl
    finished get_ 4 times
    got posterior energy
    computed reverse energy
    computed z-score (-84.8874)
    printed results to files
    cleaned prot
    cleaned model
  leaving function
engine error 0: Exit normaly (file looppeng/SOURCE/SRC/main.c, line 339)
