engine error 0: Exit normaly (file looppeng/SOURCE/SRC/main.c, line 339)
engine error 0: Exit normaly (file looppeng/SOURCE/SRC/main.c, line 339)
engine error 0: Exit normaly (file looppeng/SOURCE/SRC/main.c, line 339)
engine error 0: Exit normaly (file looppeng/SOURCE/SRC/main.c, line 339)
engine error 0: Exit normaly (file looppeng/SOURCE/SRC/main.c, line 339)
engine error 0: Exit normaly (file looppeng/SOURCE/SRC/main.c, line 339)
engine error 0: Exit normaly (file looppeng/SOURCE/SRC/main.c, line 339)
engine error 0: Exit normaly (file looppeng/SOURCE/SRC/main.c, line 339)
engine error 0: Exit normaly (file looppeng/SOURCE/SRC/main.c, line 339)
engine error 0: Exit normaly (file looppeng/SOURCE/SRC/main.c, line 339)
engine error 0: Exit normaly (file looppeng/SOURCE/SRC/main.c, line 339)
engine error 0: Exit normaly (file looppeng/SOURCE/SRC/main.c, line 339)
engine error 0: Exit normaly (file looppeng/SOURCE/SRC/main.c, line 339)
engine error 0: Exit normaly (file looppeng/SOURCE/SRC/main.c, line 339)
engine error 0: Exit normaly (file looppeng/SOURCE/SRC/main.c, line 339)
engine error 0: Exit normaly (file looppeng/SOURCE/SRC/main.c, line 339)
engine error 0: Exit normaly (file looppeng/SOURCE/SRC/main.c, line 339)
engine error 0: Exit normaly (file looppeng/SOURCE/SRC/main.c, line 339)
engine error 0: Exit normaly (file looppeng/SOURCE/SRC/main.c, line 339)
engine error 0: Exit normaly (file looppeng/SOURCE/SRC/main.c, line 339)
engine error 0: Exit normaly (file looppeng/SOURCE/SRC/main.c, line 339)
engine error 0: Exit normaly (file looppeng/SOURCE/SRC/main.c, line 339)
engine error 0: Exit normaly (file looppeng/SOURCE/SRC/main.c, line 339)
engine error 0: Exit normaly (file looppeng/SOURCE/SRC/main.c, line 339)
engine error 0: Exit normaly (file looppeng/SOURCE/SRC/main.c, line 339)
engine error 0: Exit normaly (file looppeng/SOURCE/SRC/main.c, line 339)
engine error 0: Exit normaly (file looppeng/SOURCE/SRC/main.c, line 339)
engine error 0: Exit normaly (file looppeng/SOURCE/SRC/main.c, line 339)
engine error 0: Exit normaly (file looppeng/SOURCE/SRC/main.c, line 339)
engine error 0: Exit normaly (file looppeng/SOURCE/SRC/main.c, line 339)
engine error 0: Exit normaly (file looppeng/SOURCE/SRC/main.c, line 339)
engine error 0: Exit normaly (file looppeng/SOURCE/SRC/main.c, line 339)
engine error 0: Exit normaly (file looppeng/SOURCE/SRC/main.c, line 339)
engine error 0: Exit normaly (file looppeng/SOURCE/SRC/main.c, line 339)
engine error 0: Exit normaly (file looppeng/SOURCE/SRC/main.c, line 339)
engine error 0: Exit normaly (file looppeng/SOURCE/SRC/main.c, line 339)
engine error 0: Exit normaly (file looppeng/SOURCE/SRC/main.c, line 339)
engine error 0: Exit normaly (file looppeng/SOURCE/SRC/main.c, line 339)
engine error 0: Exit normaly (file looppeng/SOURCE/SRC/main.c, line 339)
engine error 0: Exit normaly (file looppeng/SOURCE/SRC/main.c, line 339)
engine error 0: Exit normaly (file looppeng/SOURCE/SRC/main.c, line 339)
engine error 0: Exit normaly (file looppeng/SOURCE/SRC/main.c, line 339)
engine error 0: Exit normaly (file looppeng/SOURCE/SRC/main.c, line 339)
engine error 0: Exit normaly (file looppeng/SOURCE/SRC/main.c, line 339)
engine error 0: Exit normaly (file looppeng/SOURCE/SRC/main.c, line 339)
engine error 0: Exit normaly (file looppeng/SOURCE/SRC/main.c, line 339)
engine error 0: Exit normaly (file looppeng/SOURCE/SRC/main.c, line 339)
engine error 0: Exit normaly (file looppeng/SOURCE/SRC/main.c, line 339)
engine error 0: Exit normaly (file looppeng/SOURCE/SRC/main.c, line 339)
engine error 0: Exit normaly (file looppeng/SOURCE/SRC/main.c, line 339)
engine error 0: Exit normaly (file looppeng/SOURCE/SRC/main.c, line 339)
engine error 0: Exit normaly (file looppeng/SOURCE/SRC/main.c, line 339)
engine error 0: Exit normaly (file looppeng/SOURCE/SRC/main.c, line 339)
engine error 0: Exit normaly (file looppeng/SOURCE/SRC/main.c, line 339)
engine error 0: Exit normaly (file looppeng/SOURCE/SRC/main.c, line 339)
engine error 0: Exit normaly (file looppeng/SOURCE/SRC/main.c, line 339)
engine error 0: Exit normaly (file looppeng/SOURCE/SRC/main.c, line 339)
engine error 0: Exit normaly (file looppeng/SOURCE/SRC/main.c, line 339)
engine error 0: Exit normaly (file looppeng/SOURCE/SRC/main.c, line 339)
engine error 0: Exit normaly (file looppeng/SOURCE/SRC/main.c, line 339)
engine error 0: Exit normaly (file looppeng/SOURCE/SRC/main.c, line 339)
engine error 0: Exit normaly (file looppeng/SOURCE/SRC/main.c, line 339)
engine error 0: Exit normaly (file looppeng/SOURCE/SRC/main.c, line 339)
engine error 0: Exit normaly (file looppeng/SOURCE/SRC/main.c, line 339)
engine error 0: Exit normaly (file looppeng/SOURCE/SRC/main.c, line 339)
engine error 0: Exit normaly (file looppeng/SOURCE/SRC/main.c, line 339)
engine error 0: Exit normaly (file looppeng/SOURCE/SRC/main.c, line 339)
engine error 0: Exit normaly (file looppeng/SOURCE/SRC/main.c, line 339)
engine error 0: Exit normaly (file looppeng/SOURCE/SRC/main.c, line 339)
engine error 0: Exit normaly (file looppeng/SOURCE/SRC/main.c, line 339)
engine error 0: Exit normaly (file looppeng/SOURCE/SRC/main.c, line 339)
engine error 0: Exit normaly (file looppeng/SOURCE/SRC/main.c, line 339)
engine error 0: Exit normaly (file looppeng/SOURCE/SRC/main.c, line 339)
engine error 0: Exit normaly (file looppeng/SOURCE/SRC/main.c, line 339)
engine error 0: Exit normaly (file looppeng/SOURCE/SRC/main.c, line 339)
engine error 0: Exit normaly (file looppeng/SOURCE/SRC/main.c, line 339)
engine error 0: Exit normaly (file looppeng/SOURCE/SRC/main.c, line 339)
engine error 0: Exit normaly (file looppeng/SOURCE/SRC/main.c, line 339)
engine error 0: Exit normaly (file looppeng/SOURCE/SRC/main.c, line 339)
engine error 0: Exit normaly (file looppeng/SOURCE/SRC/main.c, line 339)
engine error 0: Exit normaly (file looppeng/SOURCE/SRC/main.c, line 339)
engine error 0: Exit normaly (file looppeng/SOURCE/SRC/main.c, line 339)
engine error 0: Exit normaly (file looppeng/SOURCE/SRC/main.c, line 339)
engine error 0: Exit normaly (file looppeng/SOURCE/SRC/main.c, line 339)
engine error 0: Exit normaly (file looppeng/SOURCE/SRC/main.c, line 339)
engine error 0: Exit normaly (file looppeng/SOURCE/SRC/main.c, line 339)
engine error 0: Exit normaly (file looppeng/SOURCE/SRC/main.c, line 339)
engine error 0: Exit normaly (file looppeng/SOURCE/SRC/main.c, line 339)
engine error 0: Exit normaly (file looppeng/SOURCE/SRC/main.c, line 339)
engine error 0: Exit normaly (file looppeng/SOURCE/SRC/main.c, line 339)
engine error 0: Exit normaly (file looppeng/SOURCE/SRC/main.c, line 339)
engine error 0: Exit normaly (file looppeng/SOURCE/SRC/main.c, line 339)
engine error 0: Exit normaly (file looppeng/SOURCE/SRC/main.c, line 339)
engine error 0: Exit normaly (file looppeng/SOURCE/SRC/main.c, line 339)
engine error 0: Exit normaly (file looppeng/SOURCE/SRC/main.c, line 339)
engine error 0: Exit normaly (file looppeng/SOURCE/SRC/main.c, line 339)
engine error 0: Exit normaly (file looppeng/SOURCE/SRC/main.c, line 339)
engine error 0: Exit normaly (file looppeng/SOURCE/SRC/main.c, line 339)
engine error 0: Exit normaly (file looppeng/SOURCE/SRC/main.c, line 339)
engine error 0: Exit normaly (file looppeng/SOURCE/SRC/main.c, line 339)
engine error 0: Exit normaly (file looppeng/SOURCE/SRC/main.c, line 339)
engine error 0: Exit normaly (file looppeng/SOURCE/SRC/main.c, line 339)
engine error 0: Exit normaly (file looppeng/SOURCE/SRC/main.c, line 339)
engine error 0: Exit normaly (file looppeng/SOURCE/SRC/main.c, line 339)
engine error 0: Exit normaly (file looppeng/SOURCE/SRC/main.c, line 339)
engine error 0: Exit normaly (file looppeng/SOURCE/SRC/main.c, line 339)
engine error 0: Exit normaly (file looppeng/SOURCE/SRC/main.c, line 339)
engine error 0: Exit normaly (file looppeng/SOURCE/SRC/main.c, line 339)
engine error 0: Exit normaly (file looppeng/SOURCE/SRC/main.c, line 339)
engine error 0: Exit normaly (file looppeng/SOURCE/SRC/main.c, line 339)
engine error 0: Exit normaly (file looppeng/SOURCE/SRC/main.c, line 339)
engine error 0: Exit normaly (file looppeng/SOURCE/SRC/main.c, line 339)
engine error 0: Exit normaly (file looppeng/SOURCE/SRC/main.c, line 339)
engine error 0: Exit normaly (file looppeng/SOURCE/SRC/main.c, line 339)
engine error 0: Exit normaly (file looppeng/SOURCE/SRC/main.c, line 339)
engine error 0: Exit normaly (file looppeng/SOURCE/SRC/main.c, line 339)
engine error 0: Exit normaly (file looppeng/SOURCE/SRC/main.c, line 339)
engine error 0: Exit normaly (file looppeng/SOURCE/SRC/main.c, line 339)
engine error 0: Exit normaly (file looppeng/SOURCE/SRC/main.c, line 339)
engine error 0: Exit normaly (file looppeng/SOURCE/SRC/main.c, line 339)
engine error 0: Exit normaly (file looppeng/SOURCE/SRC/main.c, line 339)
engine error 0: Exit normaly (file looppeng/SOURCE/SRC/main.c, line 339)
engine error 0: Exit normaly (file looppeng/SOURCE/SRC/main.c, line 339)
engine error 0: Exit normaly (file looppeng/SOURCE/SRC/main.c, line 339)
engine error 0: Exit normaly (file looppeng/SOURCE/SRC/main.c, line 339)
engine error 0: Exit normaly (file looppeng/SOURCE/SRC/main.c, line 339)
engine error 0: Exit normaly (file looppeng/SOURCE/SRC/main.c, line 339)
engine error 0: Exit normaly (file looppeng/SOURCE/SRC/main.c, line 339)
engine error 0: Exit normaly (file looppeng/SOURCE/SRC/main.c, line 339)
engine error 0: Exit normaly (file looppeng/SOURCE/SRC/main.c, line 339)
engine error 0: Exit normaly (file looppeng/SOURCE/SRC/main.c, line 339)
engine error 0: Exit normaly (file looppeng/SOURCE/SRC/main.c, line 339)
engine error 0: Exit normaly (file looppeng/SOURCE/SRC/main.c, line 339)
engine error 0: Exit normaly (file looppeng/SOURCE/SRC/main.c, line 339)
engine error 0: Exit normaly (file looppeng/SOURCE/SRC/main.c, line 339)
engine error 0: Exit normaly (file looppeng/SOURCE/SRC/main.c, line 339)
engine error 0: Exit normaly (file looppeng/SOURCE/SRC/main.c, line 339)
engine error 0: Exit normaly (file looppeng/SOURCE/SRC/main.c, line 339)
engine error 0: Exit normaly (file looppeng/SOURCE/SRC/main.c, line 339)
engine error 0: Exit normaly (file looppeng/SOURCE/SRC/main.c, line 339)
engine error 0: Exit normaly (file looppeng/SOURCE/SRC/main.c, line 339)
engine error 0: Exit normaly (file looppeng/SOURCE/SRC/main.c, line 339)
engine error 0: Exit normaly (file looppeng/SOURCE/SRC/main.c, line 339)
engine error 0: Exit normaly (file looppeng/SOURCE/SRC/main.c, line 339)
engine error 0: Exit normaly (file looppeng/SOURCE/SRC/main.c, line 339)
engine error 0: Exit normaly (file looppeng/SOURCE/SRC/main.c, line 339)
engine error 0: Exit normaly (file looppeng/SOURCE/SRC/main.c, line 339)
engine error 0: Exit normaly (file looppeng/SOURCE/SRC/main.c, line 339)
engine error 0: Exit normaly (file looppeng/SOURCE/SRC/main.c, line 339)
engine error 0: Exit normaly (file looppeng/SOURCE/SRC/main.c, line 339)
engine error 0: Exit normaly (file looppeng/SOURCE/SRC/main.c, line 339)
engine error 0: Exit normaly (file looppeng/SOURCE/SRC/main.c, line 339)
engine error 0: Exit normaly (file looppeng/SOURCE/SRC/main.c, line 339)
engine error 0: Exit normaly (file looppeng/SOURCE/SRC/main.c, line 339)
engine error 0: Exit normaly (file looppeng/SOURCE/SRC/main.c, line 339)
engine error 0: Exit normaly (file looppeng/SOURCE/SRC/main.c, line 339)
engine error 0: Exit normaly (file looppeng/SOURCE/SRC/main.c, line 339)
engine error 0: Exit normaly (file looppeng/SOURCE/SRC/main.c, line 339)
engine error 0: Exit normaly (file looppeng/SOURCE/SRC/main.c, line 339)
engine error 0: Exit normaly (file looppeng/SOURCE/SRC/main.c, line 339)
engine error 0: Exit normaly (file looppeng/SOURCE/SRC/main.c, line 339)
engine error 0: Exit normaly (file looppeng/SOURCE/SRC/main.c, line 339)
engine error 0: Exit normaly (file looppeng/SOURCE/SRC/main.c, line 339)
engine error 0: Exit normaly (file looppeng/SOURCE/SRC/main.c, line 339)
engine error 0: Exit normaly (file looppeng/SOURCE/SRC/main.c, line 339)
engine error 0: Exit normaly (file looppeng/SOURCE/SRC/main.c, line 339)
engine error 0: Exit normaly (file looppeng/SOURCE/SRC/main.c, line 339)
engine error 0: Exit normaly (file looppeng/SOURCE/SRC/main.c, line 339)
engine error 0: Exit normaly (file looppeng/SOURCE/SRC/main.c, line 339)
engine error 0: Exit normaly (file looppeng/SOURCE/SRC/main.c, line 339)
engine error 0: Exit normaly (file looppeng/SOURCE/SRC/main.c, line 339)
engine error 0: Exit normaly (file looppeng/SOURCE/SRC/main.c, line 339)
engine error 0: Exit normaly (file looppeng/SOURCE/SRC/main.c, line 339)
engine error 0: Exit normaly (file looppeng/SOURCE/SRC/main.c, line 339)
engine error 0: Exit normaly (file looppeng/SOURCE/SRC/main.c, line 339)
engine error 0: Exit normaly (file looppeng/SOURCE/SRC/main.c, line 339)
engine error 0: Exit normaly (file looppeng/SOURCE/SRC/main.c, line 339)
engine error 0: Exit normaly (file looppeng/SOURCE/SRC/main.c, line 339)
engine error 0: Exit normaly (file looppeng/SOURCE/SRC/main.c, line 339)
engine error 0: Exit normaly (file looppeng/SOURCE/SRC/main.c, line 339)
engine error 0: Exit normaly (file looppeng/SOURCE/SRC/main.c, line 339)
engine error 0: Exit normaly (file looppeng/SOURCE/SRC/main.c, line 339)
engine error 0: Exit normaly (file looppeng/SOURCE/SRC/main.c, line 339)
engine error 0: Exit normaly (file looppeng/SOURCE/SRC/main.c, line 339)
engine error 0: Exit normaly (file looppeng/SOURCE/SRC/main.c, line 339)
engine error 0: Exit normaly (file looppeng/SOURCE/SRC/main.c, line 339)
engine error 0: Exit normaly (file looppeng/SOURCE/SRC/main.c, line 339)
engine error 0: Exit normaly (file looppeng/SOURCE/SRC/main.c, line 339)
engine error 0: Exit normaly (file looppeng/SOURCE/SRC/main.c, line 339)
engine error 0: Exit normaly (file looppeng/SOURCE/SRC/main.c, line 339)
engine error 0: Exit normaly (file looppeng/SOURCE/SRC/main.c, line 339)
engine error 0: Exit normaly (file looppeng/SOURCE/SRC/main.c, line 339)
engine error 0: Exit normaly (file looppeng/SOURCE/SRC/main.c, line 339)
engine error 0: Exit normaly (file looppeng/SOURCE/SRC/main.c, line 339)
engine error 0: Exit normaly (file looppeng/SOURCE/SRC/main.c, line 339)
engine error 0: Exit normaly (file looppeng/SOURCE/SRC/main.c, line 339)
engine error 0: Exit normaly (file looppeng/SOURCE/SRC/main.c, line 339)
engine error 0: Exit normaly (file looppeng/SOURCE/SRC/main.c, line 339)
engine error 0: Exit normaly (file looppeng/SOURCE/SRC/main.c, line 339)
engine error 0: Exit normaly (file looppeng/SOURCE/SRC/main.c, line 339)
engine error 0: Exit normaly (file looppeng/SOURCE/SRC/main.c, line 339)
engine error 0: Exit normaly (file looppeng/SOURCE/SRC/main.c, line 339)
engine error 0: Exit normaly (file looppeng/SOURCE/SRC/main.c, line 339)
engine error 0: Exit normaly (file looppeng/SOURCE/SRC/main.c, line 339)
engine error 0: Exit normaly (file looppeng/SOURCE/SRC/main.c, line 339)
engine error 0: Exit normaly (file looppeng/SOURCE/SRC/main.c, line 339)
engine error 0: Exit normaly (file looppeng/SOURCE/SRC/main.c, line 339)
engine error 0: Exit normaly (file looppeng/SOURCE/SRC/main.c, line 339)
engine error 0: Exit normaly (file looppeng/SOURCE/SRC/main.c, line 339)
engine error 0: Exit normaly (file looppeng/SOURCE/SRC/main.c, line 339)
engine error 0: Exit normaly (file looppeng/SOURCE/SRC/main.c, line 339)
engine error 0: Exit normaly (file looppeng/SOURCE/SRC/main.c, line 339)
engine error 0: Exit normaly (file looppeng/SOURCE/SRC/main.c, line 339)
engine error 0: Exit normaly (file looppeng/SOURCE/SRC/main.c, line 339)
engine error 0: Exit normaly (file looppeng/SOURCE/SRC/main.c, line 339)
engine error 0: Exit normaly (file looppeng/SOURCE/SRC/main.c, line 339)
engine error 0: Exit normaly (file looppeng/SOURCE/SRC/main.c, line 339)
engine error 0: Exit normaly (file looppeng/SOURCE/SRC/main.c, line 339)
engine error 0: Exit normaly (file looppeng/SOURCE/SRC/main.c, line 339)
engine error 0: Exit normaly (file looppeng/SOURCE/SRC/main.c, line 339)
engine error 0: Exit normaly (file looppeng/SOURCE/SRC/main.c, line 339)
engine error 0: Exit normaly (file looppeng/SOURCE/SRC/main.c, line 339)
engine error 0: Exit normaly (file looppeng/SOURCE/SRC/main.c, line 339)
engine error 0: Exit normaly (file looppeng/SOURCE/SRC/main.c, line 339)
engine error 0: Exit normaly (file looppeng/SOURCE/SRC/main.c, line 339)
engine error 0: Exit normaly (file looppeng/SOURCE/SRC/main.c, line 339)
engine error 0: Exit normaly (file looppeng/SOURCE/SRC/main.c, line 339)
engine error 0: Exit normaly (file looppeng/SOURCE/SRC/main.c, line 339)
engine error 0: Exit normaly (file looppeng/SOURCE/SRC/main.c, line 339)
engine error 0: Exit normaly (file looppeng/SOURCE/SRC/main.c, line 339)
engine error 0: Exit normaly (file looppeng/SOURCE/SRC/main.c, line 339)
engine error 0: Exit normaly (file looppeng/SOURCE/SRC/main.c, line 339)
engine error 0: Exit normaly (file looppeng/SOURCE/SRC/main.c, line 339)
engine error 0: Exit normaly (file looppeng/SOURCE/SRC/main.c, line 339)
engine error 0: Exit normaly (file looppeng/SOURCE/SRC/main.c, line 339)
engine error 0: Exit normaly (file looppeng/SOURCE/SRC/main.c, line 339)
engine error 0: Exit normaly (file looppeng/SOURCE/SRC/main.c, line 339)
engine error 0: Exit normaly (file looppeng/SOURCE/SRC/main.c, line 339)
engine error 0: Exit normaly (file looppeng/SOURCE/SRC/main.c, line 339)
engine error 0: Exit normaly (file looppeng/SOURCE/SRC/main.c, line 339)
engine error 0: Exit normaly (file looppeng/SOURCE/SRC/main.c, line 339)
engine error 0: Exit normaly (file looppeng/SOURCE/SRC/main.c, line 339)
engine error 0: Exit normaly (file looppeng/SOURCE/SRC/main.c, line 339)
engine error 0: Exit normaly (file looppeng/SOURCE/SRC/main.c, line 339)
engine error 0: Exit normaly (file looppeng/SOURCE/SRC/main.c, line 339)
engine error 0: Exit normaly (file looppeng/SOURCE/SRC/main.c, line 339)
engine error 0: Exit normaly (file looppeng/SOURCE/SRC/main.c, line 339)
engine error 0: Exit normaly (file looppeng/SOURCE/SRC/main.c, line 339)
engine error 0: Exit normaly (file looppeng/SOURCE/SRC/main.c, line 339)
engine error 0: Exit normaly (file looppeng/SOURCE/SRC/main.c, line 339)
engine error 0: Exit normaly (file looppeng/SOURCE/SRC/main.c, line 339)
engine error 0: Exit normaly (file looppeng/SOURCE/SRC/main.c, line 339)
engine error 0: Exit normaly (file looppeng/SOURCE/SRC/main.c, line 339)
engine error 0: Exit normaly (file looppeng/SOURCE/SRC/main.c, line 339)
engine error 0: Exit normaly (file looppeng/SOURCE/SRC/main.c, line 339)
engine error 0: Exit normaly (file looppeng/SOURCE/SRC/main.c, line 339)
engine error 0: Exit normaly (file looppeng/SOURCE/SRC/main.c, line 339)
engine error 0: Exit normaly (file looppeng/SOURCE/SRC/main.c, line 339)
engine error 0: Exit normaly (file looppeng/SOURCE/SRC/main.c, line 339)
  In drv_modeller2loopp_Te13
    get_model returned 3501330
    read_scoring_matrixes done.
    opened alignment files
    parsed chain 2 loop format
In get_te13_gap_per_site with protein modl
In get_te13_gap_per_site with protein modl
    finished get_ 4 times
    got posterior energy
    computed reverse energy
    computed z-score (-133.205)
    printed results to files
    cleaned prot
    cleaned model
  leaving function
engine error 0: Exit normaly (file looppeng/SOURCE/SRC/main.c, line 339)
engine error 0: Exit normaly (file looppeng/SOURCE/SRC/main.c, line 339)
  In drv_modeller2loopp_Te13
    get_model returned 1ECCB330
    read_scoring_matrixes done.
    opened alignment files
    parsed chain 2 loop format
In get_te13_gap_per_site with protein modl
In get_te13_gap_per_site with protein modl
    finished get_ 4 times
    got posterior energy
    computed reverse energy
    computed z-score (-184.848)
    printed results to files
    cleaned prot
    cleaned model
  leaving function
engine error 0: Exit normaly (file looppeng/SOURCE/SRC/main.c, line 339)
engine error 0: Exit normaly (file looppeng/SOURCE/SRC/main.c, line 339)
  In drv_modeller2loopp_Te13
    get_model returned 35B5330
    read_scoring_matrixes done.
    opened alignment files
    parsed chain 2 loop format
In get_te13_gap_per_site with protein modl
In get_te13_gap_per_site with protein modl
    finished get_ 4 times
    got posterior energy
    computed reverse energy
    computed z-score (-181.274)
    printed results to files
    cleaned prot
    cleaned model
  leaving function
engine error 0: Exit normaly (file looppeng/SOURCE/SRC/main.c, line 339)
engine error 0: Exit normaly (file looppeng/SOURCE/SRC/main.c, line 339)
  In drv_modeller2loopp_Te13
    get_model returned 3285330
    read_scoring_matrixes done.
    opened alignment files
    parsed chain 2 loop format
In get_te13_gap_per_site with protein modl
In get_te13_gap_per_site with protein modl
    finished get_ 4 times
    got posterior energy
    computed reverse energy
    computed z-score (-124.273)
    printed results to files
    cleaned prot
    cleaned model
  leaving function
engine error 0: Exit normaly (file looppeng/SOURCE/SRC/main.c, line 339)
engine error 0: Exit normaly (file looppeng/SOURCE/SRC/main.c, line 339)
  In drv_modeller2loopp_Te13
    get_model returned 725E330
    read_scoring_matrixes done.
    opened alignment files
    parsed chain 2 loop format
In get_te13_gap_per_site with protein modl
In get_te13_gap_per_site with protein modl
    finished get_ 4 times
    got posterior energy
    computed reverse energy
    computed z-score (-120.701)
    printed results to files
    cleaned prot
    cleaned model
  leaving function
engine error 0: Exit normaly (file looppeng/SOURCE/SRC/main.c, line 339)
engine error 0: Exit normaly (file looppeng/SOURCE/SRC/main.c, line 339)
  In drv_modeller2loopp_Te13
    get_model returned 1AE1C330
    read_scoring_matrixes done.
    opened alignment files
    parsed chain 2 loop format
In get_te13_gap_per_site with protein modl
In get_te13_gap_per_site with protein modl
    finished get_ 4 times
    got posterior energy
    computed reverse energy
    computed z-score (-117.889)
    printed results to files
    cleaned prot
    cleaned model
  leaving function
engine error 0: Exit normaly (file looppeng/SOURCE/SRC/main.c, line 339)
engine error 0: Exit normaly (file looppeng/SOURCE/SRC/main.c, line 339)
  In drv_modeller2loopp_Te13
    get_model returned 15090330
    read_scoring_matrixes done.
    opened alignment files
    parsed chain 2 loop format
In get_te13_gap_per_site with protein modl
In get_te13_gap_per_site with protein modl
    finished get_ 4 times
    got posterior energy
    computed reverse energy
    computed z-score (-200.277)
    printed results to files
    cleaned prot
    cleaned model
  leaving function
engine error 0: Exit normaly (file looppeng/SOURCE/SRC/main.c, line 339)
engine error 0: Exit normaly (file looppeng/SOURCE/SRC/main.c, line 339)
  In drv_modeller2loopp_Te13
    get_model returned 14004330
    read_scoring_matrixes done.
    opened alignment files
    parsed chain 2 loop format
In get_te13_gap_per_site with protein modl
In get_te13_gap_per_site with protein modl
    finished get_ 4 times
    got posterior energy
    computed reverse energy
    computed z-score (-173.565)
    printed results to files
    cleaned prot
    cleaned model
  leaving function
engine error 0: Exit normaly (file looppeng/SOURCE/SRC/main.c, line 339)
engine error 0: Exit normaly (file looppeng/SOURCE/SRC/main.c, line 339)
  In drv_modeller2loopp_Te13
    get_model returned 146AB330
    read_scoring_matrixes done.
    opened alignment files
    parsed chain 2 loop format
In get_te13_gap_per_site with protein modl
In get_te13_gap_per_site with protein modl
    finished get_ 4 times
    got posterior energy
    computed reverse energy
    computed z-score (-143.175)
    printed results to files
    cleaned prot
    cleaned model
  leaving function
engine error 0: Exit normaly (file looppeng/SOURCE/SRC/main.c, line 339)
engine error 0: Exit normaly (file looppeng/SOURCE/SRC/main.c, line 339)
  In drv_modeller2loopp_Te13
    get_model returned 8EC1330
    read_scoring_matrixes done.
    opened alignment files
    parsed chain 2 loop format
In get_te13_gap_per_site with protein modl
In get_te13_gap_per_site with protein modl
    finished get_ 4 times
    got posterior energy
    computed reverse energy
    computed z-score (-155.494)
    printed results to files
    cleaned prot
    cleaned model
  leaving function
engine error 0: Exit normaly (file looppeng/SOURCE/SRC/main.c, line 339)
engine error 0: Exit normaly (file looppeng/SOURCE/SRC/main.c, line 339)
  In drv_modeller2loopp_Te13
    get_model returned 13DBE330
    read_scoring_matrixes done.
    opened alignment files
    parsed chain 2 loop format
In get_te13_gap_per_site with protein modl
In get_te13_gap_per_site with protein modl
    finished get_ 4 times
    got posterior energy
    computed reverse energy
    computed z-score (-176.062)
    printed results to files
    cleaned prot
    cleaned model
  leaving function
engine error 0: Exit normaly (file looppeng/SOURCE/SRC/main.c, line 339)
engine error 0: Exit normaly (file looppeng/SOURCE/SRC/main.c, line 339)
  In drv_modeller2loopp_Te13
    get_model returned F7D5330
    read_scoring_matrixes done.
    opened alignment files
    parsed chain 2 loop format
In get_te13_gap_per_site with protein modl
In get_te13_gap_per_site with protein modl
    finished get_ 4 times
    got posterior energy
    computed reverse energy
    computed z-score (-160.151)
    printed results to files
    cleaned prot
    cleaned model
  leaving function
engine error 0: Exit normaly (file looppeng/SOURCE/SRC/main.c, line 339)
engine error 0: Exit normaly (file looppeng/SOURCE/SRC/main.c, line 339)
  In drv_modeller2loopp_Te13
    get_model returned 1EB5D330
    read_scoring_matrixes done.
    opened alignment files
    parsed chain 2 loop format
In get_te13_gap_per_site with protein modl
In get_te13_gap_per_site with protein modl
    finished get_ 4 times
    got posterior energy
    computed reverse energy
    computed z-score (-85.6446)
    printed results to files
    cleaned prot
    cleaned model
  leaving function
engine error 0: Exit normaly (file looppeng/SOURCE/SRC/main.c, line 339)
engine error 0: Exit normaly (file looppeng/SOURCE/SRC/main.c, line 339)
  In drv_modeller2loopp_Te13
    get_model returned 1E32E330
    read_scoring_matrixes done.
    opened alignment files
    parsed chain 2 loop format
In get_te13_gap_per_site with protein modl
In get_te13_gap_per_site with protein modl
    finished get_ 4 times
    got posterior energy
    computed reverse energy
    computed z-score (-129.533)
    printed results to files
    cleaned prot
    cleaned model
  leaving function
engine error 0: Exit normaly (file looppeng/SOURCE/SRC/main.c, line 339)
engine error 0: Exit normaly (file looppeng/SOURCE/SRC/main.c, line 339)
  In drv_modeller2loopp_Te13
    get_model returned 1BACF330
    read_scoring_matrixes done.
    opened alignment files
    parsed chain 2 loop format
In get_te13_gap_per_site with protein modl
In get_te13_gap_per_site with protein modl
    finished get_ 4 times
    got posterior energy
    computed reverse energy
    computed z-score (-128.191)
    printed results to files
    cleaned prot
    cleaned model
  leaving function
engine error 0: Exit normaly (file looppeng/SOURCE/SRC/main.c, line 339)
engine error 0: Exit normaly (file looppeng/SOURCE/SRC/main.c, line 339)
  In drv_modeller2loopp_Te13
    get_model returned A750330
    read_scoring_matrixes done.
    opened alignment files
    parsed chain 2 loop format
In get_te13_gap_per_site with protein modl
In get_te13_gap_per_site with protein modl
    finished get_ 4 times
    got posterior energy
    computed reverse energy
    computed z-score (-106.755)
    printed results to files
    cleaned prot
    cleaned model
  leaving function
engine error 0: Exit normaly (file looppeng/SOURCE/SRC/main.c, line 339)
engine error 0: Exit normaly (file looppeng/SOURCE/SRC/main.c, line 339)
  In drv_modeller2loopp_Te13
    get_model returned ADF330
    read_scoring_matrixes done.
    opened alignment files
    parsed chain 2 loop format
In get_te13_gap_per_site with protein modl
In get_te13_gap_per_site with protein modl
    finished get_ 4 times
    got posterior energy
    computed reverse energy
    computed z-score (-115.567)
    printed results to files
    cleaned prot
    cleaned model
  leaving function
engine error 0: Exit normaly (file looppeng/SOURCE/SRC/main.c, line 339)
engine error 0: Exit normaly (file looppeng/SOURCE/SRC/main.c, line 339)
  In drv_modeller2loopp_Te13
    get_model returned 13FAF330
    read_scoring_matrixes done.
    opened alignment files
    parsed chain 2 loop format
In get_te13_gap_per_site with protein modl
In get_te13_gap_per_site with protein modl
    finished get_ 4 times
    got posterior energy
    computed reverse energy
    computed z-score (-99.5687)
    printed results to files
    cleaned prot
    cleaned model
  leaving function
engine error 0: Exit normaly (file looppeng/SOURCE/SRC/main.c, line 339)
engine error 0: Exit normaly (file looppeng/SOURCE/SRC/main.c, line 339)
  In drv_modeller2loopp_Te13
    get_model returned 2E3B330
    read_scoring_matrixes done.
    opened alignment files
    parsed chain 2 loop format
In get_te13_gap_per_site with protein modl
In get_te13_gap_per_site with protein modl
    finished get_ 4 times
    got posterior energy
    computed reverse energy
    computed z-score (-147.941)
    printed results to files
    cleaned prot
    cleaned model
  leaving function
engine error 0: Exit normaly (file looppeng/SOURCE/SRC/main.c, line 339)
engine error 0: Exit normaly (file looppeng/SOURCE/SRC/main.c, line 339)
  In drv_modeller2loopp_Te13
    get_model returned 59BE330
    read_scoring_matrixes done.
    opened alignment files
    parsed chain 2 loop format
In get_te13_gap_per_site with protein modl
In get_te13_gap_per_site with protein modl
    finished get_ 4 times
    got posterior energy
    computed reverse energy
    computed z-score (-76.8502)
    printed results to files
    cleaned prot
    cleaned model
  leaving function
engine error 0: Exit normaly (file looppeng/SOURCE/SRC/main.c, line 339)
