engine error 0: Exit normaly (file looppeng/SOURCE/SRC/main.c, line 339)
engine error 0: Exit normaly (file looppeng/SOURCE/SRC/main.c, line 339)
engine error 0: Exit normaly (file looppeng/SOURCE/SRC/main.c, line 339)
engine error 0: Exit normaly (file looppeng/SOURCE/SRC/main.c, line 339)
engine error 0: Exit normaly (file looppeng/SOURCE/SRC/main.c, line 339)
engine error 0: Exit normaly (file looppeng/SOURCE/SRC/main.c, line 339)
engine error 0: Exit normaly (file looppeng/SOURCE/SRC/main.c, line 339)
engine error 0: Exit normaly (file looppeng/SOURCE/SRC/main.c, line 339)
engine error 0: Exit normaly (file looppeng/SOURCE/SRC/main.c, line 339)
engine error 0: Exit normaly (file looppeng/SOURCE/SRC/main.c, line 339)
engine error 0: Exit normaly (file looppeng/SOURCE/SRC/main.c, line 339)
engine error 0: Exit normaly (file looppeng/SOURCE/SRC/main.c, line 339)
engine error 0: Exit normaly (file looppeng/SOURCE/SRC/main.c, line 339)
engine error 0: Exit normaly (file looppeng/SOURCE/SRC/main.c, line 339)
engine error 0: Exit normaly (file looppeng/SOURCE/SRC/main.c, line 339)
engine error 0: Exit normaly (file looppeng/SOURCE/SRC/main.c, line 339)
engine error 0: Exit normaly (file looppeng/SOURCE/SRC/main.c, line 339)
engine error 0: Exit normaly (file looppeng/SOURCE/SRC/main.c, line 339)
engine error 0: Exit normaly (file looppeng/SOURCE/SRC/main.c, line 339)
engine error 0: Exit normaly (file looppeng/SOURCE/SRC/main.c, line 339)
engine error 0: Exit normaly (file looppeng/SOURCE/SRC/main.c, line 339)
engine error 0: Exit normaly (file looppeng/SOURCE/SRC/main.c, line 339)
engine error 0: Exit normaly (file looppeng/SOURCE/SRC/main.c, line 339)
engine error 0: Exit normaly (file looppeng/SOURCE/SRC/main.c, line 339)
engine error 0: Exit normaly (file looppeng/SOURCE/SRC/main.c, line 339)
engine error 0: Exit normaly (file looppeng/SOURCE/SRC/main.c, line 339)
engine error 0: Exit normaly (file looppeng/SOURCE/SRC/main.c, line 339)
engine error 0: Exit normaly (file looppeng/SOURCE/SRC/main.c, line 339)
engine error 0: Exit normaly (file looppeng/SOURCE/SRC/main.c, line 339)
engine error 0: Exit normaly (file looppeng/SOURCE/SRC/main.c, line 339)
engine error 0: Exit normaly (file looppeng/SOURCE/SRC/main.c, line 339)
engine error 0: Exit normaly (file looppeng/SOURCE/SRC/main.c, line 339)
engine error 0: Exit normaly (file looppeng/SOURCE/SRC/main.c, line 339)
engine error 0: Exit normaly (file looppeng/SOURCE/SRC/main.c, line 339)
engine error 0: Exit normaly (file looppeng/SOURCE/SRC/main.c, line 339)
engine error 0: Exit normaly (file looppeng/SOURCE/SRC/main.c, line 339)
engine error 0: Exit normaly (file looppeng/SOURCE/SRC/main.c, line 339)
engine error 0: Exit normaly (file looppeng/SOURCE/SRC/main.c, line 339)
engine error 0: Exit normaly (file looppeng/SOURCE/SRC/main.c, line 339)
engine error 0: Exit normaly (file looppeng/SOURCE/SRC/main.c, line 339)
engine error 0: Exit normaly (file looppeng/SOURCE/SRC/main.c, line 339)
engine error 0: Exit normaly (file looppeng/SOURCE/SRC/main.c, line 339)
engine error 0: Exit normaly (file looppeng/SOURCE/SRC/main.c, line 339)
engine error 0: Exit normaly (file looppeng/SOURCE/SRC/main.c, line 339)
engine error 0: Exit normaly (file looppeng/SOURCE/SRC/main.c, line 339)
engine error 0: Exit normaly (file looppeng/SOURCE/SRC/main.c, line 339)
engine error 0: Exit normaly (file looppeng/SOURCE/SRC/main.c, line 339)
engine error 0: Exit normaly (file looppeng/SOURCE/SRC/main.c, line 339)
engine error 0: Exit normaly (file looppeng/SOURCE/SRC/main.c, line 339)
engine error 0: Exit normaly (file looppeng/SOURCE/SRC/main.c, line 339)
engine error 0: Exit normaly (file looppeng/SOURCE/SRC/main.c, line 339)
engine error 0: Exit normaly (file looppeng/SOURCE/SRC/main.c, line 339)
engine error 0: Exit normaly (file looppeng/SOURCE/SRC/main.c, line 339)
engine error 0: Exit normaly (file looppeng/SOURCE/SRC/main.c, line 339)
engine error 0: Exit normaly (file looppeng/SOURCE/SRC/main.c, line 339)
engine error 0: Exit normaly (file looppeng/SOURCE/SRC/main.c, line 339)
engine error 0: Exit normaly (file looppeng/SOURCE/SRC/main.c, line 339)
engine error 0: Exit normaly (file looppeng/SOURCE/SRC/main.c, line 339)
engine error 0: Exit normaly (file looppeng/SOURCE/SRC/main.c, line 339)
engine error 0: Exit normaly (file looppeng/SOURCE/SRC/main.c, line 339)
engine error 0: Exit normaly (file looppeng/SOURCE/SRC/main.c, line 339)
engine error 0: Exit normaly (file looppeng/SOURCE/SRC/main.c, line 339)
engine error 0: Exit normaly (file looppeng/SOURCE/SRC/main.c, line 339)
engine error 0: Exit normaly (file looppeng/SOURCE/SRC/main.c, line 339)
engine error 0: Exit normaly (file looppeng/SOURCE/SRC/main.c, line 339)
engine error 0: Exit normaly (file looppeng/SOURCE/SRC/main.c, line 339)
engine error 0: Exit normaly (file looppeng/SOURCE/SRC/main.c, line 339)
engine error 0: Exit normaly (file looppeng/SOURCE/SRC/main.c, line 339)
engine error 0: Exit normaly (file looppeng/SOURCE/SRC/main.c, line 339)
engine error 0: Exit normaly (file looppeng/SOURCE/SRC/main.c, line 339)
engine error 0: Exit normaly (file looppeng/SOURCE/SRC/main.c, line 339)
engine error 0: Exit normaly (file looppeng/SOURCE/SRC/main.c, line 339)
engine error 0: Exit normaly (file looppeng/SOURCE/SRC/main.c, line 339)
engine error 0: Exit normaly (file looppeng/SOURCE/SRC/main.c, line 339)
engine error 0: Exit normaly (file looppeng/SOURCE/SRC/main.c, line 339)
engine error 0: Exit normaly (file looppeng/SOURCE/SRC/main.c, line 339)
engine error 0: Exit normaly (file looppeng/SOURCE/SRC/main.c, line 339)
engine error 0: Exit normaly (file looppeng/SOURCE/SRC/main.c, line 339)
engine error 0: Exit normaly (file looppeng/SOURCE/SRC/main.c, line 339)
engine error 0: Exit normaly (file looppeng/SOURCE/SRC/main.c, line 339)
engine error 0: Exit normaly (file looppeng/SOURCE/SRC/main.c, line 339)
engine error 0: Exit normaly (file looppeng/SOURCE/SRC/main.c, line 339)
engine error 0: Exit normaly (file looppeng/SOURCE/SRC/main.c, line 339)
engine error 0: Exit normaly (file looppeng/SOURCE/SRC/main.c, line 339)
engine error 0: Exit normaly (file looppeng/SOURCE/SRC/main.c, line 339)
engine error 0: Exit normaly (file looppeng/SOURCE/SRC/main.c, line 339)
engine error 0: Exit normaly (file looppeng/SOURCE/SRC/main.c, line 339)
engine error 0: Exit normaly (file looppeng/SOURCE/SRC/main.c, line 339)
engine error 0: Exit normaly (file looppeng/SOURCE/SRC/main.c, line 339)
engine error 0: Exit normaly (file looppeng/SOURCE/SRC/main.c, line 339)
engine error 0: Exit normaly (file looppeng/SOURCE/SRC/main.c, line 339)
engine error 0: Exit normaly (file looppeng/SOURCE/SRC/main.c, line 339)
engine error 0: Exit normaly (file looppeng/SOURCE/SRC/main.c, line 339)
engine error 0: Exit normaly (file looppeng/SOURCE/SRC/main.c, line 339)
engine error 0: Exit normaly (file looppeng/SOURCE/SRC/main.c, line 339)
engine error 0: Exit normaly (file looppeng/SOURCE/SRC/main.c, line 339)
engine error 0: Exit normaly (file looppeng/SOURCE/SRC/main.c, line 339)
engine error 0: Exit normaly (file looppeng/SOURCE/SRC/main.c, line 339)
engine error 0: Exit normaly (file looppeng/SOURCE/SRC/main.c, line 339)
engine error 0: Exit normaly (file looppeng/SOURCE/SRC/main.c, line 339)
engine error 0: Exit normaly (file looppeng/SOURCE/SRC/main.c, line 339)
engine error 0: Exit normaly (file looppeng/SOURCE/SRC/main.c, line 339)
engine error 0: Exit normaly (file looppeng/SOURCE/SRC/main.c, line 339)
engine error 0: Exit normaly (file looppeng/SOURCE/SRC/main.c, line 339)
engine error 0: Exit normaly (file looppeng/SOURCE/SRC/main.c, line 339)
engine error 0: Exit normaly (file looppeng/SOURCE/SRC/main.c, line 339)
engine error 0: Exit normaly (file looppeng/SOURCE/SRC/main.c, line 339)
engine error 0: Exit normaly (file looppeng/SOURCE/SRC/main.c, line 339)
engine error 0: Exit normaly (file looppeng/SOURCE/SRC/main.c, line 339)
engine error 0: Exit normaly (file looppeng/SOURCE/SRC/main.c, line 339)
engine error 0: Exit normaly (file looppeng/SOURCE/SRC/main.c, line 339)
engine error 0: Exit normaly (file looppeng/SOURCE/SRC/main.c, line 339)
engine error 0: Exit normaly (file looppeng/SOURCE/SRC/main.c, line 339)
engine error 0: Exit normaly (file looppeng/SOURCE/SRC/main.c, line 339)
engine error 0: Exit normaly (file looppeng/SOURCE/SRC/main.c, line 339)
engine error 0: Exit normaly (file looppeng/SOURCE/SRC/main.c, line 339)
engine error 0: Exit normaly (file looppeng/SOURCE/SRC/main.c, line 339)
engine error 0: Exit normaly (file looppeng/SOURCE/SRC/main.c, line 339)
engine error 0: Exit normaly (file looppeng/SOURCE/SRC/main.c, line 339)
engine error 0: Exit normaly (file looppeng/SOURCE/SRC/main.c, line 339)
engine error 0: Exit normaly (file looppeng/SOURCE/SRC/main.c, line 339)
engine error 0: Exit normaly (file looppeng/SOURCE/SRC/main.c, line 339)
engine error 0: Exit normaly (file looppeng/SOURCE/SRC/main.c, line 339)
engine error 0: Exit normaly (file looppeng/SOURCE/SRC/main.c, line 339)
engine error 0: Exit normaly (file looppeng/SOURCE/SRC/main.c, line 339)
engine error 0: Exit normaly (file looppeng/SOURCE/SRC/main.c, line 339)
engine error 0: Exit normaly (file looppeng/SOURCE/SRC/main.c, line 339)
engine error 0: Exit normaly (file looppeng/SOURCE/SRC/main.c, line 339)
engine error 0: Exit normaly (file looppeng/SOURCE/SRC/main.c, line 339)
engine error 0: Exit normaly (file looppeng/SOURCE/SRC/main.c, line 339)
engine error 0: Exit normaly (file looppeng/SOURCE/SRC/main.c, line 339)
engine error 0: Exit normaly (file looppeng/SOURCE/SRC/main.c, line 339)
engine error 0: Exit normaly (file looppeng/SOURCE/SRC/main.c, line 339)
engine error 0: Exit normaly (file looppeng/SOURCE/SRC/main.c, line 339)
engine error 0: Exit normaly (file looppeng/SOURCE/SRC/main.c, line 339)
engine error 0: Exit normaly (file looppeng/SOURCE/SRC/main.c, line 339)
engine error 0: Exit normaly (file looppeng/SOURCE/SRC/main.c, line 339)
engine error 0: Exit normaly (file looppeng/SOURCE/SRC/main.c, line 339)
engine error 0: Exit normaly (file looppeng/SOURCE/SRC/main.c, line 339)
engine error 0: Exit normaly (file looppeng/SOURCE/SRC/main.c, line 339)
engine error 0: Exit normaly (file looppeng/SOURCE/SRC/main.c, line 339)
engine error 0: Exit normaly (file looppeng/SOURCE/SRC/main.c, line 339)
engine error 0: Exit normaly (file looppeng/SOURCE/SRC/main.c, line 339)
engine error 0: Exit normaly (file looppeng/SOURCE/SRC/main.c, line 339)
engine error 0: Exit normaly (file looppeng/SOURCE/SRC/main.c, line 339)
engine error 0: Exit normaly (file looppeng/SOURCE/SRC/main.c, line 339)
engine error 0: Exit normaly (file looppeng/SOURCE/SRC/main.c, line 339)
engine error 0: Exit normaly (file looppeng/SOURCE/SRC/main.c, line 339)
engine error 0: Exit normaly (file looppeng/SOURCE/SRC/main.c, line 339)
engine error 0: Exit normaly (file looppeng/SOURCE/SRC/main.c, line 339)
engine error 0: Exit normaly (file looppeng/SOURCE/SRC/main.c, line 339)
engine error 0: Exit normaly (file looppeng/SOURCE/SRC/main.c, line 339)
engine error 0: Exit normaly (file looppeng/SOURCE/SRC/main.c, line 339)
engine error 0: Exit normaly (file looppeng/SOURCE/SRC/main.c, line 339)
engine error 0: Exit normaly (file looppeng/SOURCE/SRC/main.c, line 339)
engine error 0: Exit normaly (file looppeng/SOURCE/SRC/main.c, line 339)
engine error 0: Exit normaly (file looppeng/SOURCE/SRC/main.c, line 339)
engine error 0: Exit normaly (file looppeng/SOURCE/SRC/main.c, line 339)
engine error 0: Exit normaly (file looppeng/SOURCE/SRC/main.c, line 339)
engine error 0: Exit normaly (file looppeng/SOURCE/SRC/main.c, line 339)
engine error 0: Exit normaly (file looppeng/SOURCE/SRC/main.c, line 339)
engine error 0: Exit normaly (file looppeng/SOURCE/SRC/main.c, line 339)
engine error 0: Exit normaly (file looppeng/SOURCE/SRC/main.c, line 339)
engine error 0: Exit normaly (file looppeng/SOURCE/SRC/main.c, line 339)
engine error 0: Exit normaly (file looppeng/SOURCE/SRC/main.c, line 339)
engine error 0: Exit normaly (file looppeng/SOURCE/SRC/main.c, line 339)
engine error 0: Exit normaly (file looppeng/SOURCE/SRC/main.c, line 339)
engine error 0: Exit normaly (file looppeng/SOURCE/SRC/main.c, line 339)
engine error 0: Exit normaly (file looppeng/SOURCE/SRC/main.c, line 339)
engine error 0: Exit normaly (file looppeng/SOURCE/SRC/main.c, line 339)
engine error 0: Exit normaly (file looppeng/SOURCE/SRC/main.c, line 339)
engine error 0: Exit normaly (file looppeng/SOURCE/SRC/main.c, line 339)
engine error 0: Exit normaly (file looppeng/SOURCE/SRC/main.c, line 339)
engine error 0: Exit normaly (file looppeng/SOURCE/SRC/main.c, line 339)
engine error 0: Exit normaly (file looppeng/SOURCE/SRC/main.c, line 339)
engine error 0: Exit normaly (file looppeng/SOURCE/SRC/main.c, line 339)
engine error 0: Exit normaly (file looppeng/SOURCE/SRC/main.c, line 339)
engine error 0: Exit normaly (file looppeng/SOURCE/SRC/main.c, line 339)
engine error 0: Exit normaly (file looppeng/SOURCE/SRC/main.c, line 339)
engine error 0: Exit normaly (file looppeng/SOURCE/SRC/main.c, line 339)
engine error 0: Exit normaly (file looppeng/SOURCE/SRC/main.c, line 339)
engine error 0: Exit normaly (file looppeng/SOURCE/SRC/main.c, line 339)
engine error 0: Exit normaly (file looppeng/SOURCE/SRC/main.c, line 339)
engine error 0: Exit normaly (file looppeng/SOURCE/SRC/main.c, line 339)
engine error 0: Exit normaly (file looppeng/SOURCE/SRC/main.c, line 339)
engine error 0: Exit normaly (file looppeng/SOURCE/SRC/main.c, line 339)
engine error 0: Exit normaly (file looppeng/SOURCE/SRC/main.c, line 339)
engine error 0: Exit normaly (file looppeng/SOURCE/SRC/main.c, line 339)
engine error 0: Exit normaly (file looppeng/SOURCE/SRC/main.c, line 339)
engine error 0: Exit normaly (file looppeng/SOURCE/SRC/main.c, line 339)
engine error 0: Exit normaly (file looppeng/SOURCE/SRC/main.c, line 339)
engine error 0: Exit normaly (file looppeng/SOURCE/SRC/main.c, line 339)
engine error 0: Exit normaly (file looppeng/SOURCE/SRC/main.c, line 339)
engine error 0: Exit normaly (file looppeng/SOURCE/SRC/main.c, line 339)
engine error 0: Exit normaly (file looppeng/SOURCE/SRC/main.c, line 339)
engine error 0: Exit normaly (file looppeng/SOURCE/SRC/main.c, line 339)
engine error 0: Exit normaly (file looppeng/SOURCE/SRC/main.c, line 339)
engine error 0: Exit normaly (file looppeng/SOURCE/SRC/main.c, line 339)
engine error 0: Exit normaly (file looppeng/SOURCE/SRC/main.c, line 339)
engine error 0: Exit normaly (file looppeng/SOURCE/SRC/main.c, line 339)
engine error 0: Exit normaly (file looppeng/SOURCE/SRC/main.c, line 339)
engine error 0: Exit normaly (file looppeng/SOURCE/SRC/main.c, line 339)
engine error 0: Exit normaly (file looppeng/SOURCE/SRC/main.c, line 339)
engine error 0: Exit normaly (file looppeng/SOURCE/SRC/main.c, line 339)
engine error 0: Exit normaly (file looppeng/SOURCE/SRC/main.c, line 339)
engine error 0: Exit normaly (file looppeng/SOURCE/SRC/main.c, line 339)
engine error 0: Exit normaly (file looppeng/SOURCE/SRC/main.c, line 339)
engine error 0: Exit normaly (file looppeng/SOURCE/SRC/main.c, line 339)
engine error 0: Exit normaly (file looppeng/SOURCE/SRC/main.c, line 339)
engine error 0: Exit normaly (file looppeng/SOURCE/SRC/main.c, line 339)
engine error 0: Exit normaly (file looppeng/SOURCE/SRC/main.c, line 339)
engine error 0: Exit normaly (file looppeng/SOURCE/SRC/main.c, line 339)
engine error 0: Exit normaly (file looppeng/SOURCE/SRC/main.c, line 339)
engine error 0: Exit normaly (file looppeng/SOURCE/SRC/main.c, line 339)
engine error 0: Exit normaly (file looppeng/SOURCE/SRC/main.c, line 339)
engine error 0: Exit normaly (file looppeng/SOURCE/SRC/main.c, line 339)
engine error 0: Exit normaly (file looppeng/SOURCE/SRC/main.c, line 339)
engine error 0: Exit normaly (file looppeng/SOURCE/SRC/main.c, line 339)
engine error 0: Exit normaly (file looppeng/SOURCE/SRC/main.c, line 339)
engine error 0: Exit normaly (file looppeng/SOURCE/SRC/main.c, line 339)
engine error 0: Exit normaly (file looppeng/SOURCE/SRC/main.c, line 339)
engine error 0: Exit normaly (file looppeng/SOURCE/SRC/main.c, line 339)
engine error 0: Exit normaly (file looppeng/SOURCE/SRC/main.c, line 339)
engine error 0: Exit normaly (file looppeng/SOURCE/SRC/main.c, line 339)
engine error 0: Exit normaly (file looppeng/SOURCE/SRC/main.c, line 339)
engine error 0: Exit normaly (file looppeng/SOURCE/SRC/main.c, line 339)
engine error 0: Exit normaly (file looppeng/SOURCE/SRC/main.c, line 339)
engine error 0: Exit normaly (file looppeng/SOURCE/SRC/main.c, line 339)
engine error 0: Exit normaly (file looppeng/SOURCE/SRC/main.c, line 339)
engine error 0: Exit normaly (file looppeng/SOURCE/SRC/main.c, line 339)
engine error 0: Exit normaly (file looppeng/SOURCE/SRC/main.c, line 339)
engine error 0: Exit normaly (file looppeng/SOURCE/SRC/main.c, line 339)
engine error 0: Exit normaly (file looppeng/SOURCE/SRC/main.c, line 339)
engine error 0: Exit normaly (file looppeng/SOURCE/SRC/main.c, line 339)
engine error 0: Exit normaly (file looppeng/SOURCE/SRC/main.c, line 339)
engine error 0: Exit normaly (file looppeng/SOURCE/SRC/main.c, line 339)
engine error 0: Exit normaly (file looppeng/SOURCE/SRC/main.c, line 339)
engine error 0: Exit normaly (file looppeng/SOURCE/SRC/main.c, line 339)
engine error 0: Exit normaly (file looppeng/SOURCE/SRC/main.c, line 339)
engine error 0: Exit normaly (file looppeng/SOURCE/SRC/main.c, line 339)
engine error 0: Exit normaly (file looppeng/SOURCE/SRC/main.c, line 339)
engine error 0: Exit normaly (file looppeng/SOURCE/SRC/main.c, line 339)
engine error 0: Exit normaly (file looppeng/SOURCE/SRC/main.c, line 339)
engine error 0: Exit normaly (file looppeng/SOURCE/SRC/main.c, line 339)
engine error 0: Exit normaly (file looppeng/SOURCE/SRC/main.c, line 339)
engine error 0: Exit normaly (file looppeng/SOURCE/SRC/main.c, line 339)
engine error 0: Exit normaly (file looppeng/SOURCE/SRC/main.c, line 339)
engine error 0: Exit normaly (file looppeng/SOURCE/SRC/main.c, line 339)
engine error 0: Exit normaly (file looppeng/SOURCE/SRC/main.c, line 339)
engine error 0: Exit normaly (file looppeng/SOURCE/SRC/main.c, line 339)
engine error 0: Exit normaly (file looppeng/SOURCE/SRC/main.c, line 339)
engine error 0: Exit normaly (file looppeng/SOURCE/SRC/main.c, line 339)
engine error 0: Exit normaly (file looppeng/SOURCE/SRC/main.c, line 339)
engine error 0: Exit normaly (file looppeng/SOURCE/SRC/main.c, line 339)
engine error 0: Exit normaly (file looppeng/SOURCE/SRC/main.c, line 339)
engine error 0: Exit normaly (file looppeng/SOURCE/SRC/main.c, line 339)
engine error 0: Exit normaly (file looppeng/SOURCE/SRC/main.c, line 339)
engine error 0: Exit normaly (file looppeng/SOURCE/SRC/main.c, line 339)
engine error 0: Exit normaly (file looppeng/SOURCE/SRC/main.c, line 339)
engine error 0: Exit normaly (file looppeng/SOURCE/SRC/main.c, line 339)
engine error 0: Exit normaly (file looppeng/SOURCE/SRC/main.c, line 339)
engine error 0: Exit normaly (file looppeng/SOURCE/SRC/main.c, line 339)
engine error 0: Exit normaly (file looppeng/SOURCE/SRC/main.c, line 339)
engine error 0: Exit normaly (file looppeng/SOURCE/SRC/main.c, line 339)
engine error 0: Exit normaly (file looppeng/SOURCE/SRC/main.c, line 339)
engine error 0: Exit normaly (file looppeng/SOURCE/SRC/main.c, line 339)
engine error 0: Exit normaly (file looppeng/SOURCE/SRC/main.c, line 339)
engine error 0: Exit normaly (file looppeng/SOURCE/SRC/main.c, line 339)
engine error 0: Exit normaly (file looppeng/SOURCE/SRC/main.c, line 339)
engine error 0: Exit normaly (file looppeng/SOURCE/SRC/main.c, line 339)
engine error 0: Exit normaly (file looppeng/SOURCE/SRC/main.c, line 339)
engine error 0: Exit normaly (file looppeng/SOURCE/SRC/main.c, line 339)
  In drv_modeller2loopp_Te13
    get_model returned 13E17330
    read_scoring_matrixes done.
    opened alignment files
    parsed chain 2 loop format
In get_te13_gap_per_site with protein modl
In get_te13_gap_per_site with protein modl
    finished get_ 4 times
    got posterior energy
    computed reverse energy
    computed z-score (-135.434)
    printed results to files
    cleaned prot
    cleaned model
  leaving function
engine error 0: Exit normaly (file looppeng/SOURCE/SRC/main.c, line 339)
engine error 0: Exit normaly (file looppeng/SOURCE/SRC/main.c, line 339)
  In drv_modeller2loopp_Te13
    get_model returned 10B7A330
    read_scoring_matrixes done.
    opened alignment files
    parsed chain 2 loop format
In get_te13_gap_per_site with protein modl
In get_te13_gap_per_site with protein modl
    finished get_ 4 times
    got posterior energy
    computed reverse energy
    computed z-score (-191.753)
    printed results to files
    cleaned prot
    cleaned model
  leaving function
engine error 0: Exit normaly (file looppeng/SOURCE/SRC/main.c, line 339)
engine error 0: Exit normaly (file looppeng/SOURCE/SRC/main.c, line 339)
  In drv_modeller2loopp_Te13
    get_model returned 1D076330
    read_scoring_matrixes done.
    opened alignment files
    parsed chain 2 loop format
In get_te13_gap_per_site with protein modl
In get_te13_gap_per_site with protein modl
    finished get_ 4 times
    got posterior energy
    computed reverse energy
    computed z-score (-172.739)
    printed results to files
    cleaned prot
    cleaned model
  leaving function
engine error 0: Exit normaly (file looppeng/SOURCE/SRC/main.c, line 339)
engine error 0: Exit normaly (file looppeng/SOURCE/SRC/main.c, line 339)
  In drv_modeller2loopp_Te13
    get_model returned AFF4330
    read_scoring_matrixes done.
    opened alignment files
    parsed chain 2 loop format
In get_te13_gap_per_site with protein modl
In get_te13_gap_per_site with protein modl
    finished get_ 4 times
    got posterior energy
    computed reverse energy
    computed z-score (-115.539)
    printed results to files
    cleaned prot
    cleaned model
  leaving function
engine error 0: Exit normaly (file looppeng/SOURCE/SRC/main.c, line 339)
engine error 0: Exit normaly (file looppeng/SOURCE/SRC/main.c, line 339)
  In drv_modeller2loopp_Te13
    get_model returned 15AF3330
    read_scoring_matrixes done.
    opened alignment files
    parsed chain 2 loop format
In get_te13_gap_per_site with protein modl
In get_te13_gap_per_site with protein modl
    finished get_ 4 times
    got posterior energy
    computed reverse energy
    computed z-score (-126.581)
    printed results to files
    cleaned prot
    cleaned model
  leaving function
engine error 0: Exit normaly (file looppeng/SOURCE/SRC/main.c, line 339)
engine error 0: Exit normaly (file looppeng/SOURCE/SRC/main.c, line 339)
  In drv_modeller2loopp_Te13
    get_model returned 5A9D330
    read_scoring_matrixes done.
    opened alignment files
    parsed chain 2 loop format
In get_te13_gap_per_site with protein modl
In get_te13_gap_per_site with protein modl
    finished get_ 4 times
    got posterior energy
    computed reverse energy
    computed z-score (-42.5928)
    printed results to files
    cleaned prot
    cleaned model
  leaving function
engine error 0: Exit normaly (file looppeng/SOURCE/SRC/main.c, line 339)
engine error 0: Exit normaly (file looppeng/SOURCE/SRC/main.c, line 339)
  In drv_modeller2loopp_Te13
    get_model returned 4440330
    read_scoring_matrixes done.
    opened alignment files
    parsed chain 2 loop format
In get_te13_gap_per_site with protein modl
In get_te13_gap_per_site with protein modl
    finished get_ 4 times
    got posterior energy
    computed reverse energy
    computed z-score (-181.312)
    printed results to files
    cleaned prot
    cleaned model
  leaving function
engine error 0: Exit normaly (file looppeng/SOURCE/SRC/main.c, line 339)
engine error 0: Exit normaly (file looppeng/SOURCE/SRC/main.c, line 339)
  In drv_modeller2loopp_Te13
    get_model returned C0A7330
    read_scoring_matrixes done.
    opened alignment files
    parsed chain 2 loop format
In get_te13_gap_per_site with protein modl
In get_te13_gap_per_site with protein modl
    finished get_ 4 times
    got posterior energy
    computed reverse energy
    computed z-score (-118.347)
    printed results to files
    cleaned prot
    cleaned model
  leaving function
engine error 0: Exit normaly (file looppeng/SOURCE/SRC/main.c, line 339)
engine error 0: Exit normaly (file looppeng/SOURCE/SRC/main.c, line 339)
  In drv_modeller2loopp_Te13
    get_model returned E2B6330
    read_scoring_matrixes done.
    opened alignment files
    parsed chain 2 loop format
In get_te13_gap_per_site with protein modl
In get_te13_gap_per_site with protein modl
    finished get_ 4 times
    got posterior energy
    computed reverse energy
    computed z-score (-146.871)
    printed results to files
    cleaned prot
    cleaned model
  leaving function
engine error 0: Exit normaly (file looppeng/SOURCE/SRC/main.c, line 339)
engine error 0: Exit normaly (file looppeng/SOURCE/SRC/main.c, line 339)
  In drv_modeller2loopp_Te13
    get_model returned 1886E330
    read_scoring_matrixes done.
    opened alignment files
    parsed chain 2 loop format
In get_te13_gap_per_site with protein modl
In get_te13_gap_per_site with protein modl
    finished get_ 4 times
    got posterior energy
    computed reverse energy
    computed z-score (-98.9475)
    printed results to files
    cleaned prot
    cleaned model
  leaving function
engine error 0: Exit normaly (file looppeng/SOURCE/SRC/main.c, line 339)
engine error 0: Exit normaly (file looppeng/SOURCE/SRC/main.c, line 339)
  In drv_modeller2loopp_Te13
    get_model returned 339B330
    read_scoring_matrixes done.
    opened alignment files
    parsed chain 2 loop format
In get_te13_gap_per_site with protein modl
In get_te13_gap_per_site with protein modl
    finished get_ 4 times
    got posterior energy
    computed reverse energy
    computed z-score (-137.76)
    printed results to files
    cleaned prot
    cleaned model
  leaving function
engine error 0: Exit normaly (file looppeng/SOURCE/SRC/main.c, line 339)
engine error 0: Exit normaly (file looppeng/SOURCE/SRC/main.c, line 339)
  In drv_modeller2loopp_Te13
    get_model returned 14458330
    read_scoring_matrixes done.
    opened alignment files
    parsed chain 2 loop format
In get_te13_gap_per_site with protein modl
In get_te13_gap_per_site with protein modl
    finished get_ 4 times
    got posterior energy
    computed reverse energy
    computed z-score (-162.322)
    printed results to files
    cleaned prot
    cleaned model
  leaving function
engine error 0: Exit normaly (file looppeng/SOURCE/SRC/main.c, line 339)
engine error 0: Exit normaly (file looppeng/SOURCE/SRC/main.c, line 339)
  In drv_modeller2loopp_Te13
    get_model returned 16D3B330
    read_scoring_matrixes done.
    opened alignment files
    parsed chain 2 loop format
In get_te13_gap_per_site with protein modl
In get_te13_gap_per_site with protein modl
    finished get_ 4 times
    got posterior energy
    computed reverse energy
    computed z-score (-165.163)
    printed results to files
    cleaned prot
    cleaned model
  leaving function
engine error 0: Exit normaly (file looppeng/SOURCE/SRC/main.c, line 339)
engine error 0: Exit normaly (file looppeng/SOURCE/SRC/main.c, line 339)
  In drv_modeller2loopp_Te13
    get_model returned 16FDB330
    read_scoring_matrixes done.
    opened alignment files
    parsed chain 2 loop format
In get_te13_gap_per_site with protein modl
In get_te13_gap_per_site with protein modl
    finished get_ 4 times
    got posterior energy
    computed reverse energy
    computed z-score (-140.397)
    printed results to files
    cleaned prot
    cleaned model
  leaving function
engine error 0: Exit normaly (file looppeng/SOURCE/SRC/main.c, line 339)
engine error 0: Exit normaly (file looppeng/SOURCE/SRC/main.c, line 339)
  In drv_modeller2loopp_Te13
    get_model returned 1FDA3330
    read_scoring_matrixes done.
    opened alignment files
    parsed chain 2 loop format
In get_te13_gap_per_site with protein modl
In get_te13_gap_per_site with protein modl
    finished get_ 4 times
    got posterior energy
    computed reverse energy
    computed z-score (-110.456)
    printed results to files
    cleaned prot
    cleaned model
  leaving function
engine error 0: Exit normaly (file looppeng/SOURCE/SRC/main.c, line 339)
engine error 0: Exit normaly (file looppeng/SOURCE/SRC/main.c, line 339)
  In drv_modeller2loopp_Te13
    get_model returned 34BE330
    read_scoring_matrixes done.
    opened alignment files
    parsed chain 2 loop format
In get_te13_gap_per_site with protein modl
In get_te13_gap_per_site with protein modl
    finished get_ 4 times
    got posterior energy
    computed reverse energy
    computed z-score (-123.512)
    printed results to files
    cleaned prot
    cleaned model
  leaving function
engine error 0: Exit normaly (file looppeng/SOURCE/SRC/main.c, line 339)
engine error 0: Exit normaly (file looppeng/SOURCE/SRC/main.c, line 339)
  In drv_modeller2loopp_Te13
    get_model returned D758330
    read_scoring_matrixes done.
    opened alignment files
    parsed chain 2 loop format
In get_te13_gap_per_site with protein modl
In get_te13_gap_per_site with protein modl
    finished get_ 4 times
    got posterior energy
    computed reverse energy
    computed z-score (-74.4304)
    printed results to files
    cleaned prot
    cleaned model
  leaving function
engine error 0: Exit normaly (file looppeng/SOURCE/SRC/main.c, line 339)
engine error 0: Exit normaly (file looppeng/SOURCE/SRC/main.c, line 339)
  In drv_modeller2loopp_Te13
    get_model returned F5EC330
    read_scoring_matrixes done.
    opened alignment files
    parsed chain 2 loop format
In get_te13_gap_per_site with protein modl
In get_te13_gap_per_site with protein modl
    finished get_ 4 times
    got posterior energy
    computed reverse energy
    computed z-score (-112.029)
    printed results to files
    cleaned prot
    cleaned model
  leaving function
engine error 0: Exit normaly (file looppeng/SOURCE/SRC/main.c, line 339)
engine error 0: Exit normaly (file looppeng/SOURCE/SRC/main.c, line 339)
  In drv_modeller2loopp_Te13
    get_model returned 145EC330
    read_scoring_matrixes done.
    opened alignment files
    parsed chain 2 loop format
In get_te13_gap_per_site with protein modl
In get_te13_gap_per_site with protein modl
    finished get_ 4 times
    got posterior energy
    computed reverse energy
    computed z-score (-147.992)
    printed results to files
    cleaned prot
    cleaned model
  leaving function
engine error 0: Exit normaly (file looppeng/SOURCE/SRC/main.c, line 339)
engine error 0: Exit normaly (file looppeng/SOURCE/SRC/main.c, line 339)
  In drv_modeller2loopp_Te13
    get_model returned 101E1330
    read_scoring_matrixes done.
    opened alignment files
    parsed chain 2 loop format
In get_te13_gap_per_site with protein modl
In get_te13_gap_per_site with protein modl
    finished get_ 4 times
    got posterior energy
    computed reverse energy
    computed z-score (-135.879)
    printed results to files
    cleaned prot
    cleaned model
  leaving function
engine error 0: Exit normaly (file looppeng/SOURCE/SRC/main.c, line 339)
