engine error 0: Exit normaly (file looppeng/SOURCE/SRC/main.c, line 339)
engine error 0: Exit normaly (file looppeng/SOURCE/SRC/main.c, line 339)
engine error 0: Exit normaly (file looppeng/SOURCE/SRC/main.c, line 339)
engine error 0: Exit normaly (file looppeng/SOURCE/SRC/main.c, line 339)
engine error 0: Exit normaly (file looppeng/SOURCE/SRC/main.c, line 339)
engine error 0: Exit normaly (file looppeng/SOURCE/SRC/main.c, line 339)
engine error 0: Exit normaly (file looppeng/SOURCE/SRC/main.c, line 339)
engine error 0: Exit normaly (file looppeng/SOURCE/SRC/main.c, line 339)
engine error 0: Exit normaly (file looppeng/SOURCE/SRC/main.c, line 339)
engine error 0: Exit normaly (file looppeng/SOURCE/SRC/main.c, line 339)
engine error 0: Exit normaly (file looppeng/SOURCE/SRC/main.c, line 339)
engine error 0: Exit normaly (file looppeng/SOURCE/SRC/main.c, line 339)
engine error 0: Exit normaly (file looppeng/SOURCE/SRC/main.c, line 339)
engine error 0: Exit normaly (file looppeng/SOURCE/SRC/main.c, line 339)
engine error 0: Exit normaly (file looppeng/SOURCE/SRC/main.c, line 339)
engine error 0: Exit normaly (file looppeng/SOURCE/SRC/main.c, line 339)
engine error 0: Exit normaly (file looppeng/SOURCE/SRC/main.c, line 339)
engine error 0: Exit normaly (file looppeng/SOURCE/SRC/main.c, line 339)
engine error 0: Exit normaly (file looppeng/SOURCE/SRC/main.c, line 339)
engine error 0: Exit normaly (file looppeng/SOURCE/SRC/main.c, line 339)
engine error 0: Exit normaly (file looppeng/SOURCE/SRC/main.c, line 339)
engine error 0: Exit normaly (file looppeng/SOURCE/SRC/main.c, line 339)
engine error 0: Exit normaly (file looppeng/SOURCE/SRC/main.c, line 339)
engine error 0: Exit normaly (file looppeng/SOURCE/SRC/main.c, line 339)
engine error 0: Exit normaly (file looppeng/SOURCE/SRC/main.c, line 339)
engine error 0: Exit normaly (file looppeng/SOURCE/SRC/main.c, line 339)
engine error 0: Exit normaly (file looppeng/SOURCE/SRC/main.c, line 339)
engine error 0: Exit normaly (file looppeng/SOURCE/SRC/main.c, line 339)
engine error 0: Exit normaly (file looppeng/SOURCE/SRC/main.c, line 339)
engine error 0: Exit normaly (file looppeng/SOURCE/SRC/main.c, line 339)
engine error 0: Exit normaly (file looppeng/SOURCE/SRC/main.c, line 339)
engine error 0: Exit normaly (file looppeng/SOURCE/SRC/main.c, line 339)
engine error 0: Exit normaly (file looppeng/SOURCE/SRC/main.c, line 339)
engine error 0: Exit normaly (file looppeng/SOURCE/SRC/main.c, line 339)
engine error 0: Exit normaly (file looppeng/SOURCE/SRC/main.c, line 339)
engine error 0: Exit normaly (file looppeng/SOURCE/SRC/main.c, line 339)
engine error 0: Exit normaly (file looppeng/SOURCE/SRC/main.c, line 339)
engine error 0: Exit normaly (file looppeng/SOURCE/SRC/main.c, line 339)
engine error 0: Exit normaly (file looppeng/SOURCE/SRC/main.c, line 339)
engine error 0: Exit normaly (file looppeng/SOURCE/SRC/main.c, line 339)
engine error 0: Exit normaly (file looppeng/SOURCE/SRC/main.c, line 339)
engine error 0: Exit normaly (file looppeng/SOURCE/SRC/main.c, line 339)
engine error 0: Exit normaly (file looppeng/SOURCE/SRC/main.c, line 339)
engine error 0: Exit normaly (file looppeng/SOURCE/SRC/main.c, line 339)
engine error 0: Exit normaly (file looppeng/SOURCE/SRC/main.c, line 339)
engine error 0: Exit normaly (file looppeng/SOURCE/SRC/main.c, line 339)
engine error 0: Exit normaly (file looppeng/SOURCE/SRC/main.c, line 339)
engine error 0: Exit normaly (file looppeng/SOURCE/SRC/main.c, line 339)
engine error 0: Exit normaly (file looppeng/SOURCE/SRC/main.c, line 339)
engine error 0: Exit normaly (file looppeng/SOURCE/SRC/main.c, line 339)
engine error 0: Exit normaly (file looppeng/SOURCE/SRC/main.c, line 339)
engine error 0: Exit normaly (file looppeng/SOURCE/SRC/main.c, line 339)
engine error 0: Exit normaly (file looppeng/SOURCE/SRC/main.c, line 339)
engine error 0: Exit normaly (file looppeng/SOURCE/SRC/main.c, line 339)
engine error 0: Exit normaly (file looppeng/SOURCE/SRC/main.c, line 339)
engine error 0: Exit normaly (file looppeng/SOURCE/SRC/main.c, line 339)
engine error 0: Exit normaly (file looppeng/SOURCE/SRC/main.c, line 339)
engine error 0: Exit normaly (file looppeng/SOURCE/SRC/main.c, line 339)
engine error 0: Exit normaly (file looppeng/SOURCE/SRC/main.c, line 339)
engine error 0: Exit normaly (file looppeng/SOURCE/SRC/main.c, line 339)
engine error 0: Exit normaly (file looppeng/SOURCE/SRC/main.c, line 339)
engine error 0: Exit normaly (file looppeng/SOURCE/SRC/main.c, line 339)
engine error 0: Exit normaly (file looppeng/SOURCE/SRC/main.c, line 339)
engine error 0: Exit normaly (file looppeng/SOURCE/SRC/main.c, line 339)
engine error 0: Exit normaly (file looppeng/SOURCE/SRC/main.c, line 339)
engine error 0: Exit normaly (file looppeng/SOURCE/SRC/main.c, line 339)
engine error 0: Exit normaly (file looppeng/SOURCE/SRC/main.c, line 339)
engine error 0: Exit normaly (file looppeng/SOURCE/SRC/main.c, line 339)
engine error 0: Exit normaly (file looppeng/SOURCE/SRC/main.c, line 339)
engine error 0: Exit normaly (file looppeng/SOURCE/SRC/main.c, line 339)
engine error 0: Exit normaly (file looppeng/SOURCE/SRC/main.c, line 339)
engine error 0: Exit normaly (file looppeng/SOURCE/SRC/main.c, line 339)
engine error 0: Exit normaly (file looppeng/SOURCE/SRC/main.c, line 339)
engine error 0: Exit normaly (file looppeng/SOURCE/SRC/main.c, line 339)
engine error 0: Exit normaly (file looppeng/SOURCE/SRC/main.c, line 339)
engine error 0: Exit normaly (file looppeng/SOURCE/SRC/main.c, line 339)
engine error 0: Exit normaly (file looppeng/SOURCE/SRC/main.c, line 339)
engine error 0: Exit normaly (file looppeng/SOURCE/SRC/main.c, line 339)
engine error 0: Exit normaly (file looppeng/SOURCE/SRC/main.c, line 339)
engine error 0: Exit normaly (file looppeng/SOURCE/SRC/main.c, line 339)
engine error 0: Exit normaly (file looppeng/SOURCE/SRC/main.c, line 339)
engine error 0: Exit normaly (file looppeng/SOURCE/SRC/main.c, line 339)
engine error 0: Exit normaly (file looppeng/SOURCE/SRC/main.c, line 339)
engine error 0: Exit normaly (file looppeng/SOURCE/SRC/main.c, line 339)
engine error 0: Exit normaly (file looppeng/SOURCE/SRC/main.c, line 339)
engine error 0: Exit normaly (file looppeng/SOURCE/SRC/main.c, line 339)
engine error 0: Exit normaly (file looppeng/SOURCE/SRC/main.c, line 339)
engine error 0: Exit normaly (file looppeng/SOURCE/SRC/main.c, line 339)
engine error 0: Exit normaly (file looppeng/SOURCE/SRC/main.c, line 339)
engine error 0: Exit normaly (file looppeng/SOURCE/SRC/main.c, line 339)
engine error 0: Exit normaly (file looppeng/SOURCE/SRC/main.c, line 339)
engine error 0: Exit normaly (file looppeng/SOURCE/SRC/main.c, line 339)
engine error 0: Exit normaly (file looppeng/SOURCE/SRC/main.c, line 339)
engine error 0: Exit normaly (file looppeng/SOURCE/SRC/main.c, line 339)
engine error 0: Exit normaly (file looppeng/SOURCE/SRC/main.c, line 339)
engine error 0: Exit normaly (file looppeng/SOURCE/SRC/main.c, line 339)
engine error 0: Exit normaly (file looppeng/SOURCE/SRC/main.c, line 339)
engine error 0: Exit normaly (file looppeng/SOURCE/SRC/main.c, line 339)
engine error 0: Exit normaly (file looppeng/SOURCE/SRC/main.c, line 339)
engine error 0: Exit normaly (file looppeng/SOURCE/SRC/main.c, line 339)
engine error 0: Exit normaly (file looppeng/SOURCE/SRC/main.c, line 339)
engine error 0: Exit normaly (file looppeng/SOURCE/SRC/main.c, line 339)
engine error 0: Exit normaly (file looppeng/SOURCE/SRC/main.c, line 339)
engine error 0: Exit normaly (file looppeng/SOURCE/SRC/main.c, line 339)
engine error 0: Exit normaly (file looppeng/SOURCE/SRC/main.c, line 339)
engine error 0: Exit normaly (file looppeng/SOURCE/SRC/main.c, line 339)
engine error 0: Exit normaly (file looppeng/SOURCE/SRC/main.c, line 339)
engine error 0: Exit normaly (file looppeng/SOURCE/SRC/main.c, line 339)
engine error 0: Exit normaly (file looppeng/SOURCE/SRC/main.c, line 339)
engine error 0: Exit normaly (file looppeng/SOURCE/SRC/main.c, line 339)
engine error 0: Exit normaly (file looppeng/SOURCE/SRC/main.c, line 339)
engine error 0: Exit normaly (file looppeng/SOURCE/SRC/main.c, line 339)
engine error 0: Exit normaly (file looppeng/SOURCE/SRC/main.c, line 339)
engine error 0: Exit normaly (file looppeng/SOURCE/SRC/main.c, line 339)
engine error 0: Exit normaly (file looppeng/SOURCE/SRC/main.c, line 339)
engine error 0: Exit normaly (file looppeng/SOURCE/SRC/main.c, line 339)
engine error 0: Exit normaly (file looppeng/SOURCE/SRC/main.c, line 339)
engine error 0: Exit normaly (file looppeng/SOURCE/SRC/main.c, line 339)
engine error 0: Exit normaly (file looppeng/SOURCE/SRC/main.c, line 339)
engine error 0: Exit normaly (file looppeng/SOURCE/SRC/main.c, line 339)
engine error 0: Exit normaly (file looppeng/SOURCE/SRC/main.c, line 339)
engine error 0: Exit normaly (file looppeng/SOURCE/SRC/main.c, line 339)
engine error 0: Exit normaly (file looppeng/SOURCE/SRC/main.c, line 339)
engine error 0: Exit normaly (file looppeng/SOURCE/SRC/main.c, line 339)
engine error 0: Exit normaly (file looppeng/SOURCE/SRC/main.c, line 339)
engine error 0: Exit normaly (file looppeng/SOURCE/SRC/main.c, line 339)
engine error 0: Exit normaly (file looppeng/SOURCE/SRC/main.c, line 339)
engine error 0: Exit normaly (file looppeng/SOURCE/SRC/main.c, line 339)
engine error 0: Exit normaly (file looppeng/SOURCE/SRC/main.c, line 339)
engine error 0: Exit normaly (file looppeng/SOURCE/SRC/main.c, line 339)
engine error 0: Exit normaly (file looppeng/SOURCE/SRC/main.c, line 339)
engine error 0: Exit normaly (file looppeng/SOURCE/SRC/main.c, line 339)
engine error 0: Exit normaly (file looppeng/SOURCE/SRC/main.c, line 339)
engine error 0: Exit normaly (file looppeng/SOURCE/SRC/main.c, line 339)
engine error 0: Exit normaly (file looppeng/SOURCE/SRC/main.c, line 339)
engine error 0: Exit normaly (file looppeng/SOURCE/SRC/main.c, line 339)
engine error 0: Exit normaly (file looppeng/SOURCE/SRC/main.c, line 339)
engine error 0: Exit normaly (file looppeng/SOURCE/SRC/main.c, line 339)
engine error 0: Exit normaly (file looppeng/SOURCE/SRC/main.c, line 339)
engine error 0: Exit normaly (file looppeng/SOURCE/SRC/main.c, line 339)
engine error 0: Exit normaly (file looppeng/SOURCE/SRC/main.c, line 339)
engine error 0: Exit normaly (file looppeng/SOURCE/SRC/main.c, line 339)
engine error 0: Exit normaly (file looppeng/SOURCE/SRC/main.c, line 339)
engine error 0: Exit normaly (file looppeng/SOURCE/SRC/main.c, line 339)
engine error 0: Exit normaly (file looppeng/SOURCE/SRC/main.c, line 339)
engine error 0: Exit normaly (file looppeng/SOURCE/SRC/main.c, line 339)
engine error 0: Exit normaly (file looppeng/SOURCE/SRC/main.c, line 339)
engine error 0: Exit normaly (file looppeng/SOURCE/SRC/main.c, line 339)
engine error 0: Exit normaly (file looppeng/SOURCE/SRC/main.c, line 339)
engine error 0: Exit normaly (file looppeng/SOURCE/SRC/main.c, line 339)
engine error 0: Exit normaly (file looppeng/SOURCE/SRC/main.c, line 339)
engine error 0: Exit normaly (file looppeng/SOURCE/SRC/main.c, line 339)
engine error 0: Exit normaly (file looppeng/SOURCE/SRC/main.c, line 339)
engine error 0: Exit normaly (file looppeng/SOURCE/SRC/main.c, line 339)
engine error 0: Exit normaly (file looppeng/SOURCE/SRC/main.c, line 339)
engine error 0: Exit normaly (file looppeng/SOURCE/SRC/main.c, line 339)
engine error 0: Exit normaly (file looppeng/SOURCE/SRC/main.c, line 339)
engine error 0: Exit normaly (file looppeng/SOURCE/SRC/main.c, line 339)
engine error 0: Exit normaly (file looppeng/SOURCE/SRC/main.c, line 339)
engine error 0: Exit normaly (file looppeng/SOURCE/SRC/main.c, line 339)
engine error 0: Exit normaly (file looppeng/SOURCE/SRC/main.c, line 339)
engine error 0: Exit normaly (file looppeng/SOURCE/SRC/main.c, line 339)
engine error 0: Exit normaly (file looppeng/SOURCE/SRC/main.c, line 339)
engine error 0: Exit normaly (file looppeng/SOURCE/SRC/main.c, line 339)
engine error 0: Exit normaly (file looppeng/SOURCE/SRC/main.c, line 339)
engine error 0: Exit normaly (file looppeng/SOURCE/SRC/main.c, line 339)
engine error 0: Exit normaly (file looppeng/SOURCE/SRC/main.c, line 339)
engine error 0: Exit normaly (file looppeng/SOURCE/SRC/main.c, line 339)
engine error 0: Exit normaly (file looppeng/SOURCE/SRC/main.c, line 339)
engine error 0: Exit normaly (file looppeng/SOURCE/SRC/main.c, line 339)
engine error 0: Exit normaly (file looppeng/SOURCE/SRC/main.c, line 339)
engine error 0: Exit normaly (file looppeng/SOURCE/SRC/main.c, line 339)
engine error 0: Exit normaly (file looppeng/SOURCE/SRC/main.c, line 339)
engine error 0: Exit normaly (file looppeng/SOURCE/SRC/main.c, line 339)
engine error 0: Exit normaly (file looppeng/SOURCE/SRC/main.c, line 339)
engine error 0: Exit normaly (file looppeng/SOURCE/SRC/main.c, line 339)
engine error 0: Exit normaly (file looppeng/SOURCE/SRC/main.c, line 339)
engine error 0: Exit normaly (file looppeng/SOURCE/SRC/main.c, line 339)
engine error 0: Exit normaly (file looppeng/SOURCE/SRC/main.c, line 339)
engine error 0: Exit normaly (file looppeng/SOURCE/SRC/main.c, line 339)
engine error 0: Exit normaly (file looppeng/SOURCE/SRC/main.c, line 339)
engine error 0: Exit normaly (file looppeng/SOURCE/SRC/main.c, line 339)
engine error 0: Exit normaly (file looppeng/SOURCE/SRC/main.c, line 339)
engine error 0: Exit normaly (file looppeng/SOURCE/SRC/main.c, line 339)
engine error 0: Exit normaly (file looppeng/SOURCE/SRC/main.c, line 339)
engine error 0: Exit normaly (file looppeng/SOURCE/SRC/main.c, line 339)
engine error 0: Exit normaly (file looppeng/SOURCE/SRC/main.c, line 339)
engine error 0: Exit normaly (file looppeng/SOURCE/SRC/main.c, line 339)
engine error 0: Exit normaly (file looppeng/SOURCE/SRC/main.c, line 339)
engine error 0: Exit normaly (file looppeng/SOURCE/SRC/main.c, line 339)
engine error 0: Exit normaly (file looppeng/SOURCE/SRC/main.c, line 339)
engine error 0: Exit normaly (file looppeng/SOURCE/SRC/main.c, line 339)
engine error 0: Exit normaly (file looppeng/SOURCE/SRC/main.c, line 339)
engine error 0: Exit normaly (file looppeng/SOURCE/SRC/main.c, line 339)
engine error 0: Exit normaly (file looppeng/SOURCE/SRC/main.c, line 339)
engine error 0: Exit normaly (file looppeng/SOURCE/SRC/main.c, line 339)
engine error 0: Exit normaly (file looppeng/SOURCE/SRC/main.c, line 339)
engine error 0: Exit normaly (file looppeng/SOURCE/SRC/main.c, line 339)
engine error 0: Exit normaly (file looppeng/SOURCE/SRC/main.c, line 339)
engine error 0: Exit normaly (file looppeng/SOURCE/SRC/main.c, line 339)
engine error 0: Exit normaly (file looppeng/SOURCE/SRC/main.c, line 339)
engine error 0: Exit normaly (file looppeng/SOURCE/SRC/main.c, line 339)
engine error 0: Exit normaly (file looppeng/SOURCE/SRC/main.c, line 339)
engine error 0: Exit normaly (file looppeng/SOURCE/SRC/main.c, line 339)
engine error 0: Exit normaly (file looppeng/SOURCE/SRC/main.c, line 339)
engine error 0: Exit normaly (file looppeng/SOURCE/SRC/main.c, line 339)
engine error 0: Exit normaly (file looppeng/SOURCE/SRC/main.c, line 339)
engine error 0: Exit normaly (file looppeng/SOURCE/SRC/main.c, line 339)
engine error 0: Exit normaly (file looppeng/SOURCE/SRC/main.c, line 339)
engine error 0: Exit normaly (file looppeng/SOURCE/SRC/main.c, line 339)
engine error 0: Exit normaly (file looppeng/SOURCE/SRC/main.c, line 339)
engine error 0: Exit normaly (file looppeng/SOURCE/SRC/main.c, line 339)
engine error 0: Exit normaly (file looppeng/SOURCE/SRC/main.c, line 339)
engine error 0: Exit normaly (file looppeng/SOURCE/SRC/main.c, line 339)
engine error 0: Exit normaly (file looppeng/SOURCE/SRC/main.c, line 339)
engine error 0: Exit normaly (file looppeng/SOURCE/SRC/main.c, line 339)
engine error 0: Exit normaly (file looppeng/SOURCE/SRC/main.c, line 339)
engine error 0: Exit normaly (file looppeng/SOURCE/SRC/main.c, line 339)
engine error 0: Exit normaly (file looppeng/SOURCE/SRC/main.c, line 339)
engine error 0: Exit normaly (file looppeng/SOURCE/SRC/main.c, line 339)
engine error 0: Exit normaly (file looppeng/SOURCE/SRC/main.c, line 339)
engine error 0: Exit normaly (file looppeng/SOURCE/SRC/main.c, line 339)
engine error 0: Exit normaly (file looppeng/SOURCE/SRC/main.c, line 339)
engine error 0: Exit normaly (file looppeng/SOURCE/SRC/main.c, line 339)
engine error 0: Exit normaly (file looppeng/SOURCE/SRC/main.c, line 339)
engine error 0: Exit normaly (file looppeng/SOURCE/SRC/main.c, line 339)
engine error 0: Exit normaly (file looppeng/SOURCE/SRC/main.c, line 339)
engine error 0: Exit normaly (file looppeng/SOURCE/SRC/main.c, line 339)
engine error 0: Exit normaly (file looppeng/SOURCE/SRC/main.c, line 339)
engine error 0: Exit normaly (file looppeng/SOURCE/SRC/main.c, line 339)
engine error 0: Exit normaly (file looppeng/SOURCE/SRC/main.c, line 339)
engine error 0: Exit normaly (file looppeng/SOURCE/SRC/main.c, line 339)
engine error 0: Exit normaly (file looppeng/SOURCE/SRC/main.c, line 339)
engine error 0: Exit normaly (file looppeng/SOURCE/SRC/main.c, line 339)
engine error 0: Exit normaly (file looppeng/SOURCE/SRC/main.c, line 339)
engine error 0: Exit normaly (file looppeng/SOURCE/SRC/main.c, line 339)
engine error 0: Exit normaly (file looppeng/SOURCE/SRC/main.c, line 339)
engine error 0: Exit normaly (file looppeng/SOURCE/SRC/main.c, line 339)
engine error 0: Exit normaly (file looppeng/SOURCE/SRC/main.c, line 339)
engine error 0: Exit normaly (file looppeng/SOURCE/SRC/main.c, line 339)
engine error 0: Exit normaly (file looppeng/SOURCE/SRC/main.c, line 339)
engine error 0: Exit normaly (file looppeng/SOURCE/SRC/main.c, line 339)
engine error 0: Exit normaly (file looppeng/SOURCE/SRC/main.c, line 339)
engine error 0: Exit normaly (file looppeng/SOURCE/SRC/main.c, line 339)
engine error 0: Exit normaly (file looppeng/SOURCE/SRC/main.c, line 339)
engine error 0: Exit normaly (file looppeng/SOURCE/SRC/main.c, line 339)
engine error 0: Exit normaly (file looppeng/SOURCE/SRC/main.c, line 339)
engine error 0: Exit normaly (file looppeng/SOURCE/SRC/main.c, line 339)
engine error 0: Exit normaly (file looppeng/SOURCE/SRC/main.c, line 339)
engine error 0: Exit normaly (file looppeng/SOURCE/SRC/main.c, line 339)
engine error 0: Exit normaly (file looppeng/SOURCE/SRC/main.c, line 339)
engine error 0: Exit normaly (file looppeng/SOURCE/SRC/main.c, line 339)
engine error 0: Exit normaly (file looppeng/SOURCE/SRC/main.c, line 339)
engine error 0: Exit normaly (file looppeng/SOURCE/SRC/main.c, line 339)
engine error 0: Exit normaly (file looppeng/SOURCE/SRC/main.c, line 339)
  In drv_modeller2loopp_Te13
    get_model returned 1AB30330
    read_scoring_matrixes done.
    opened alignment files
    parsed chain 2 loop format
In get_te13_gap_per_site with protein modl
In get_te13_gap_per_site with protein modl
    finished get_ 4 times
    got posterior energy
    computed reverse energy
    computed z-score (-129.775)
    printed results to files
    cleaned prot
    cleaned model
  leaving function
engine error 0: Exit normaly (file looppeng/SOURCE/SRC/main.c, line 339)
engine error 0: Exit normaly (file looppeng/SOURCE/SRC/main.c, line 339)
  In drv_modeller2loopp_Te13
    get_model returned 1C150330
    read_scoring_matrixes done.
    opened alignment files
    parsed chain 2 loop format
In get_te13_gap_per_site with protein modl
In get_te13_gap_per_site with protein modl
    finished get_ 4 times
    got posterior energy
    computed reverse energy
    computed z-score (-97.2198)
    printed results to files
    cleaned prot
    cleaned model
  leaving function
engine error 0: Exit normaly (file looppeng/SOURCE/SRC/main.c, line 339)
engine error 0: Exit normaly (file looppeng/SOURCE/SRC/main.c, line 339)
  In drv_modeller2loopp_Te13
    get_model returned 112DA330
    read_scoring_matrixes done.
    opened alignment files
    parsed chain 2 loop format
In get_te13_gap_per_site with protein modl
In get_te13_gap_per_site with protein modl
    finished get_ 4 times
    got posterior energy
    computed reverse energy
    computed z-score (-129.809)
    printed results to files
    cleaned prot
    cleaned model
  leaving function
engine error 0: Exit normaly (file looppeng/SOURCE/SRC/main.c, line 339)
engine error 0: Exit normaly (file looppeng/SOURCE/SRC/main.c, line 339)
  In drv_modeller2loopp_Te13
    get_model returned 1D40B330
    read_scoring_matrixes done.
    opened alignment files
    parsed chain 2 loop format
In get_te13_gap_per_site with protein modl
In get_te13_gap_per_site with protein modl
    finished get_ 4 times
    got posterior energy
    computed reverse energy
    computed z-score (-115.111)
    printed results to files
    cleaned prot
    cleaned model
  leaving function
engine error 0: Exit normaly (file looppeng/SOURCE/SRC/main.c, line 339)
engine error 0: Exit normaly (file looppeng/SOURCE/SRC/main.c, line 339)
  In drv_modeller2loopp_Te13
    get_model returned DDA6330
    read_scoring_matrixes done.
    opened alignment files
    parsed chain 2 loop format
In get_te13_gap_per_site with protein modl
In get_te13_gap_per_site with protein modl
    finished get_ 4 times
    got posterior energy
    computed reverse energy
    computed z-score (-169.415)
    printed results to files
    cleaned prot
    cleaned model
  leaving function
engine error 0: Exit normaly (file looppeng/SOURCE/SRC/main.c, line 339)
engine error 0: Exit normaly (file looppeng/SOURCE/SRC/main.c, line 339)
  In drv_modeller2loopp_Te13
    get_model returned 1A7E0330
    read_scoring_matrixes done.
    opened alignment files
    parsed chain 2 loop format
In get_te13_gap_per_site with protein modl
In get_te13_gap_per_site with protein modl
    finished get_ 4 times
    got posterior energy
    computed reverse energy
    computed z-score (-147.76)
    printed results to files
    cleaned prot
    cleaned model
  leaving function
engine error 0: Exit normaly (file looppeng/SOURCE/SRC/main.c, line 339)
engine error 0: Exit normaly (file looppeng/SOURCE/SRC/main.c, line 339)
  In drv_modeller2loopp_Te13
    get_model returned 1EB94330
    read_scoring_matrixes done.
    opened alignment files
    parsed chain 2 loop format
In get_te13_gap_per_site with protein modl
In get_te13_gap_per_site with protein modl
    finished get_ 4 times
    got posterior energy
    computed reverse energy
    computed z-score (-127.184)
    printed results to files
    cleaned prot
    cleaned model
  leaving function
engine error 0: Exit normaly (file looppeng/SOURCE/SRC/main.c, line 339)
engine error 0: Exit normaly (file looppeng/SOURCE/SRC/main.c, line 339)
  In drv_modeller2loopp_Te13
    get_model returned 6DD7330
    read_scoring_matrixes done.
    opened alignment files
    parsed chain 2 loop format
In get_te13_gap_per_site with protein modl
In get_te13_gap_per_site with protein modl
    finished get_ 4 times
    got posterior energy
    computed reverse energy
    computed z-score (-181.368)
    printed results to files
    cleaned prot
    cleaned model
  leaving function
engine error 0: Exit normaly (file looppeng/SOURCE/SRC/main.c, line 339)
engine error 0: Exit normaly (file looppeng/SOURCE/SRC/main.c, line 339)
  In drv_modeller2loopp_Te13
    get_model returned 3596330
    read_scoring_matrixes done.
    opened alignment files
    parsed chain 2 loop format
In get_te13_gap_per_site with protein modl
In get_te13_gap_per_site with protein modl
    finished get_ 4 times
    got posterior energy
    computed reverse energy
    computed z-score (-151.617)
    printed results to files
    cleaned prot
    cleaned model
  leaving function
engine error 0: Exit normaly (file looppeng/SOURCE/SRC/main.c, line 339)
engine error 0: Exit normaly (file looppeng/SOURCE/SRC/main.c, line 339)
  In drv_modeller2loopp_Te13
    get_model returned 114A5330
    read_scoring_matrixes done.
    opened alignment files
    parsed chain 2 loop format
In get_te13_gap_per_site with protein modl
In get_te13_gap_per_site with protein modl
    finished get_ 4 times
    got posterior energy
    computed reverse energy
    computed z-score (-147.706)
    printed results to files
    cleaned prot
    cleaned model
  leaving function
engine error 0: Exit normaly (file looppeng/SOURCE/SRC/main.c, line 339)
engine error 0: Exit normaly (file looppeng/SOURCE/SRC/main.c, line 339)
  In drv_modeller2loopp_Te13
    get_model returned 192A6330
    read_scoring_matrixes done.
    opened alignment files
    parsed chain 2 loop format
In get_te13_gap_per_site with protein modl
In get_te13_gap_per_site with protein modl
    finished get_ 4 times
    got posterior energy
    computed reverse energy
    computed z-score (-179.924)
    printed results to files
    cleaned prot
    cleaned model
  leaving function
engine error 0: Exit normaly (file looppeng/SOURCE/SRC/main.c, line 339)
engine error 0: Exit normaly (file looppeng/SOURCE/SRC/main.c, line 339)
  In drv_modeller2loopp_Te13
    get_model returned 1D3EB330
    read_scoring_matrixes done.
    opened alignment files
    parsed chain 2 loop format
In get_te13_gap_per_site with protein modl
In get_te13_gap_per_site with protein modl
    finished get_ 4 times
    got posterior energy
    computed reverse energy
    computed z-score (-146.64)
    printed results to files
    cleaned prot
    cleaned model
  leaving function
engine error 0: Exit normaly (file looppeng/SOURCE/SRC/main.c, line 339)
engine error 0: Exit normaly (file looppeng/SOURCE/SRC/main.c, line 339)
  In drv_modeller2loopp_Te13
    get_model returned CC00330
    read_scoring_matrixes done.
    opened alignment files
    parsed chain 2 loop format
In get_te13_gap_per_site with protein modl
In get_te13_gap_per_site with protein modl
    finished get_ 4 times
    got posterior energy
    computed reverse energy
    computed z-score (-139.903)
    printed results to files
    cleaned prot
    cleaned model
  leaving function
engine error 0: Exit normaly (file looppeng/SOURCE/SRC/main.c, line 339)
engine error 0: Exit normaly (file looppeng/SOURCE/SRC/main.c, line 339)
  In drv_modeller2loopp_Te13
    get_model returned 1E2F3330
    read_scoring_matrixes done.
    opened alignment files
    parsed chain 2 loop format
In get_te13_gap_per_site with protein modl
In get_te13_gap_per_site with protein modl
    finished get_ 4 times
    got posterior energy
    computed reverse energy
    computed z-score (-92.437)
    printed results to files
    cleaned prot
    cleaned model
  leaving function
engine error 0: Exit normaly (file looppeng/SOURCE/SRC/main.c, line 339)
engine error 0: Exit normaly (file looppeng/SOURCE/SRC/main.c, line 339)
  In drv_modeller2loopp_Te13
    get_model returned 10767330
    read_scoring_matrixes done.
    opened alignment files
    parsed chain 2 loop format
In get_te13_gap_per_site with protein modl
In get_te13_gap_per_site with protein modl
    finished get_ 4 times
    got posterior energy
    computed reverse energy
    computed z-score (-133.567)
    printed results to files
    cleaned prot
    cleaned model
  leaving function
engine error 0: Exit normaly (file looppeng/SOURCE/SRC/main.c, line 339)
engine error 0: Exit normaly (file looppeng/SOURCE/SRC/main.c, line 339)
  In drv_modeller2loopp_Te13
    get_model returned D7B1330
    read_scoring_matrixes done.
    opened alignment files
    parsed chain 2 loop format
In get_te13_gap_per_site with protein modl
In get_te13_gap_per_site with protein modl
    finished get_ 4 times
    got posterior energy
    computed reverse energy
    computed z-score (-122.807)
    printed results to files
    cleaned prot
    cleaned model
  leaving function
engine error 0: Exit normaly (file looppeng/SOURCE/SRC/main.c, line 339)
engine error 0: Exit normaly (file looppeng/SOURCE/SRC/main.c, line 339)
  In drv_modeller2loopp_Te13
    get_model returned 8922330
    read_scoring_matrixes done.
    opened alignment files
    parsed chain 2 loop format
In get_te13_gap_per_site with protein modl
In get_te13_gap_per_site with protein modl
    finished get_ 4 times
    got posterior energy
    computed reverse energy
    computed z-score (-94.2532)
    printed results to files
    cleaned prot
    cleaned model
  leaving function
engine error 0: Exit normaly (file looppeng/SOURCE/SRC/main.c, line 339)
engine error 0: Exit normaly (file looppeng/SOURCE/SRC/main.c, line 339)
  In drv_modeller2loopp_Te13
    get_model returned D7CD330
    read_scoring_matrixes done.
    opened alignment files
    parsed chain 2 loop format
In get_te13_gap_per_site with protein modl
In get_te13_gap_per_site with protein modl
    finished get_ 4 times
    got posterior energy
    computed reverse energy
    computed z-score (-161.125)
    printed results to files
    cleaned prot
    cleaned model
  leaving function
engine error 0: Exit normaly (file looppeng/SOURCE/SRC/main.c, line 339)
engine error 0: Exit normaly (file looppeng/SOURCE/SRC/main.c, line 339)
  In drv_modeller2loopp_Te13
    get_model returned 189D0330
    read_scoring_matrixes done.
    opened alignment files
    parsed chain 2 loop format
In get_te13_gap_per_site with protein modl
In get_te13_gap_per_site with protein modl
    finished get_ 4 times
    got posterior energy
    computed reverse energy
    computed z-score (-110.375)
    printed results to files
    cleaned prot
    cleaned model
  leaving function
engine error 0: Exit normaly (file looppeng/SOURCE/SRC/main.c, line 339)
engine error 0: Exit normaly (file looppeng/SOURCE/SRC/main.c, line 339)
  In drv_modeller2loopp_Te13
    get_model returned 3740330
    read_scoring_matrixes done.
    opened alignment files
    parsed chain 2 loop format
In get_te13_gap_per_site with protein modl
In get_te13_gap_per_site with protein modl
    finished get_ 4 times
    got posterior energy
    computed reverse energy
    computed z-score (-126.126)
    printed results to files
    cleaned prot
    cleaned model
  leaving function
engine error 0: Exit normaly (file looppeng/SOURCE/SRC/main.c, line 339)
engine error 0: Exit normaly (file looppeng/SOURCE/SRC/main.c, line 339)
  In drv_modeller2loopp_Te13
    get_model returned 11C40330
    read_scoring_matrixes done.
    opened alignment files
    parsed chain 2 loop format
In get_te13_gap_per_site with protein modl
In get_te13_gap_per_site with protein modl
    finished get_ 4 times
    got posterior energy
    computed reverse energy
    computed z-score (-188.417)
    printed results to files
    cleaned prot
    cleaned model
  leaving function
engine error 0: Exit normaly (file looppeng/SOURCE/SRC/main.c, line 339)
