engine error 0: Exit normaly (file looppeng/SOURCE/SRC/main.c, line 339)
engine error 0: Exit normaly (file looppeng/SOURCE/SRC/main.c, line 339)
engine error 0: Exit normaly (file looppeng/SOURCE/SRC/main.c, line 339)
engine error 0: Exit normaly (file looppeng/SOURCE/SRC/main.c, line 339)
engine error 0: Exit normaly (file looppeng/SOURCE/SRC/main.c, line 339)
engine error 0: Exit normaly (file looppeng/SOURCE/SRC/main.c, line 339)
engine error 0: Exit normaly (file looppeng/SOURCE/SRC/main.c, line 339)
engine error 0: Exit normaly (file looppeng/SOURCE/SRC/main.c, line 339)
engine error 0: Exit normaly (file looppeng/SOURCE/SRC/main.c, line 339)
engine error 0: Exit normaly (file looppeng/SOURCE/SRC/main.c, line 339)
engine error 0: Exit normaly (file looppeng/SOURCE/SRC/main.c, line 339)
engine error 0: Exit normaly (file looppeng/SOURCE/SRC/main.c, line 339)
engine error 0: Exit normaly (file looppeng/SOURCE/SRC/main.c, line 339)
engine error 0: Exit normaly (file looppeng/SOURCE/SRC/main.c, line 339)
engine error 0: Exit normaly (file looppeng/SOURCE/SRC/main.c, line 339)
engine error 0: Exit normaly (file looppeng/SOURCE/SRC/main.c, line 339)
engine error 0: Exit normaly (file looppeng/SOURCE/SRC/main.c, line 339)
engine error 0: Exit normaly (file looppeng/SOURCE/SRC/main.c, line 339)
engine error 0: Exit normaly (file looppeng/SOURCE/SRC/main.c, line 339)
engine error 0: Exit normaly (file looppeng/SOURCE/SRC/main.c, line 339)
engine error 0: Exit normaly (file looppeng/SOURCE/SRC/main.c, line 339)
engine error 0: Exit normaly (file looppeng/SOURCE/SRC/main.c, line 339)
engine error 0: Exit normaly (file looppeng/SOURCE/SRC/main.c, line 339)
engine error 0: Exit normaly (file looppeng/SOURCE/SRC/main.c, line 339)
engine error 0: Exit normaly (file looppeng/SOURCE/SRC/main.c, line 339)
engine error 0: Exit normaly (file looppeng/SOURCE/SRC/main.c, line 339)
engine error 0: Exit normaly (file looppeng/SOURCE/SRC/main.c, line 339)
engine error 0: Exit normaly (file looppeng/SOURCE/SRC/main.c, line 339)
engine error 0: Exit normaly (file looppeng/SOURCE/SRC/main.c, line 339)
engine error 0: Exit normaly (file looppeng/SOURCE/SRC/main.c, line 339)
engine error 0: Exit normaly (file looppeng/SOURCE/SRC/main.c, line 339)
engine error 0: Exit normaly (file looppeng/SOURCE/SRC/main.c, line 339)
engine error 0: Exit normaly (file looppeng/SOURCE/SRC/main.c, line 339)
engine error 0: Exit normaly (file looppeng/SOURCE/SRC/main.c, line 339)
engine error 0: Exit normaly (file looppeng/SOURCE/SRC/main.c, line 339)
engine error 0: Exit normaly (file looppeng/SOURCE/SRC/main.c, line 339)
engine error 0: Exit normaly (file looppeng/SOURCE/SRC/main.c, line 339)
engine error 0: Exit normaly (file looppeng/SOURCE/SRC/main.c, line 339)
engine error 0: Exit normaly (file looppeng/SOURCE/SRC/main.c, line 339)
engine error 0: Exit normaly (file looppeng/SOURCE/SRC/main.c, line 339)
engine error 0: Exit normaly (file looppeng/SOURCE/SRC/main.c, line 339)
engine error 0: Exit normaly (file looppeng/SOURCE/SRC/main.c, line 339)
engine error 0: Exit normaly (file looppeng/SOURCE/SRC/main.c, line 339)
engine error 0: Exit normaly (file looppeng/SOURCE/SRC/main.c, line 339)
engine error 0: Exit normaly (file looppeng/SOURCE/SRC/main.c, line 339)
engine error 0: Exit normaly (file looppeng/SOURCE/SRC/main.c, line 339)
engine error 0: Exit normaly (file looppeng/SOURCE/SRC/main.c, line 339)
engine error 0: Exit normaly (file looppeng/SOURCE/SRC/main.c, line 339)
engine error 0: Exit normaly (file looppeng/SOURCE/SRC/main.c, line 339)
engine error 0: Exit normaly (file looppeng/SOURCE/SRC/main.c, line 339)
engine error 0: Exit normaly (file looppeng/SOURCE/SRC/main.c, line 339)
engine error 0: Exit normaly (file looppeng/SOURCE/SRC/main.c, line 339)
engine error 0: Exit normaly (file looppeng/SOURCE/SRC/main.c, line 339)
engine error 0: Exit normaly (file looppeng/SOURCE/SRC/main.c, line 339)
engine error 0: Exit normaly (file looppeng/SOURCE/SRC/main.c, line 339)
engine error 0: Exit normaly (file looppeng/SOURCE/SRC/main.c, line 339)
engine error 0: Exit normaly (file looppeng/SOURCE/SRC/main.c, line 339)
engine error 0: Exit normaly (file looppeng/SOURCE/SRC/main.c, line 339)
engine error 0: Exit normaly (file looppeng/SOURCE/SRC/main.c, line 339)
engine error 0: Exit normaly (file looppeng/SOURCE/SRC/main.c, line 339)
engine error 0: Exit normaly (file looppeng/SOURCE/SRC/main.c, line 339)
engine error 0: Exit normaly (file looppeng/SOURCE/SRC/main.c, line 339)
engine error 0: Exit normaly (file looppeng/SOURCE/SRC/main.c, line 339)
engine error 0: Exit normaly (file looppeng/SOURCE/SRC/main.c, line 339)
engine error 0: Exit normaly (file looppeng/SOURCE/SRC/main.c, line 339)
engine error 0: Exit normaly (file looppeng/SOURCE/SRC/main.c, line 339)
engine error 0: Exit normaly (file looppeng/SOURCE/SRC/main.c, line 339)
engine error 0: Exit normaly (file looppeng/SOURCE/SRC/main.c, line 339)
engine error 0: Exit normaly (file looppeng/SOURCE/SRC/main.c, line 339)
engine error 0: Exit normaly (file looppeng/SOURCE/SRC/main.c, line 339)
engine error 0: Exit normaly (file looppeng/SOURCE/SRC/main.c, line 339)
engine error 0: Exit normaly (file looppeng/SOURCE/SRC/main.c, line 339)
engine error 0: Exit normaly (file looppeng/SOURCE/SRC/main.c, line 339)
engine error 0: Exit normaly (file looppeng/SOURCE/SRC/main.c, line 339)
engine error 0: Exit normaly (file looppeng/SOURCE/SRC/main.c, line 339)
engine error 0: Exit normaly (file looppeng/SOURCE/SRC/main.c, line 339)
engine error 0: Exit normaly (file looppeng/SOURCE/SRC/main.c, line 339)
engine error 0: Exit normaly (file looppeng/SOURCE/SRC/main.c, line 339)
engine error 0: Exit normaly (file looppeng/SOURCE/SRC/main.c, line 339)
engine error 0: Exit normaly (file looppeng/SOURCE/SRC/main.c, line 339)
engine error 0: Exit normaly (file looppeng/SOURCE/SRC/main.c, line 339)
engine error 0: Exit normaly (file looppeng/SOURCE/SRC/main.c, line 339)
engine error 0: Exit normaly (file looppeng/SOURCE/SRC/main.c, line 339)
engine error 0: Exit normaly (file looppeng/SOURCE/SRC/main.c, line 339)
engine error 0: Exit normaly (file looppeng/SOURCE/SRC/main.c, line 339)
engine error 0: Exit normaly (file looppeng/SOURCE/SRC/main.c, line 339)
engine error 0: Exit normaly (file looppeng/SOURCE/SRC/main.c, line 339)
engine error 0: Exit normaly (file looppeng/SOURCE/SRC/main.c, line 339)
engine error 0: Exit normaly (file looppeng/SOURCE/SRC/main.c, line 339)
engine error 0: Exit normaly (file looppeng/SOURCE/SRC/main.c, line 339)
engine error 0: Exit normaly (file looppeng/SOURCE/SRC/main.c, line 339)
engine error 0: Exit normaly (file looppeng/SOURCE/SRC/main.c, line 339)
engine error 0: Exit normaly (file looppeng/SOURCE/SRC/main.c, line 339)
engine error 0: Exit normaly (file looppeng/SOURCE/SRC/main.c, line 339)
engine error 0: Exit normaly (file looppeng/SOURCE/SRC/main.c, line 339)
engine error 0: Exit normaly (file looppeng/SOURCE/SRC/main.c, line 339)
engine error 0: Exit normaly (file looppeng/SOURCE/SRC/main.c, line 339)
engine error 0: Exit normaly (file looppeng/SOURCE/SRC/main.c, line 339)
engine error 0: Exit normaly (file looppeng/SOURCE/SRC/main.c, line 339)
engine error 0: Exit normaly (file looppeng/SOURCE/SRC/main.c, line 339)
engine error 0: Exit normaly (file looppeng/SOURCE/SRC/main.c, line 339)
engine error 0: Exit normaly (file looppeng/SOURCE/SRC/main.c, line 339)
engine error 0: Exit normaly (file looppeng/SOURCE/SRC/main.c, line 339)
engine error 0: Exit normaly (file looppeng/SOURCE/SRC/main.c, line 339)
engine error 0: Exit normaly (file looppeng/SOURCE/SRC/main.c, line 339)
engine error 0: Exit normaly (file looppeng/SOURCE/SRC/main.c, line 339)
engine error 0: Exit normaly (file looppeng/SOURCE/SRC/main.c, line 339)
engine error 0: Exit normaly (file looppeng/SOURCE/SRC/main.c, line 339)
engine error 0: Exit normaly (file looppeng/SOURCE/SRC/main.c, line 339)
engine error 0: Exit normaly (file looppeng/SOURCE/SRC/main.c, line 339)
engine error 0: Exit normaly (file looppeng/SOURCE/SRC/main.c, line 339)
engine error 0: Exit normaly (file looppeng/SOURCE/SRC/main.c, line 339)
engine error 0: Exit normaly (file looppeng/SOURCE/SRC/main.c, line 339)
engine error 0: Exit normaly (file looppeng/SOURCE/SRC/main.c, line 339)
engine error 0: Exit normaly (file looppeng/SOURCE/SRC/main.c, line 339)
engine error 0: Exit normaly (file looppeng/SOURCE/SRC/main.c, line 339)
engine error 0: Exit normaly (file looppeng/SOURCE/SRC/main.c, line 339)
engine error 0: Exit normaly (file looppeng/SOURCE/SRC/main.c, line 339)
engine error 0: Exit normaly (file looppeng/SOURCE/SRC/main.c, line 339)
engine error 0: Exit normaly (file looppeng/SOURCE/SRC/main.c, line 339)
engine error 0: Exit normaly (file looppeng/SOURCE/SRC/main.c, line 339)
engine error 0: Exit normaly (file looppeng/SOURCE/SRC/main.c, line 339)
engine error 0: Exit normaly (file looppeng/SOURCE/SRC/main.c, line 339)
engine error 0: Exit normaly (file looppeng/SOURCE/SRC/main.c, line 339)
engine error 0: Exit normaly (file looppeng/SOURCE/SRC/main.c, line 339)
engine error 0: Exit normaly (file looppeng/SOURCE/SRC/main.c, line 339)
engine error 0: Exit normaly (file looppeng/SOURCE/SRC/main.c, line 339)
engine error 0: Exit normaly (file looppeng/SOURCE/SRC/main.c, line 339)
engine error 0: Exit normaly (file looppeng/SOURCE/SRC/main.c, line 339)
engine error 0: Exit normaly (file looppeng/SOURCE/SRC/main.c, line 339)
engine error 0: Exit normaly (file looppeng/SOURCE/SRC/main.c, line 339)
engine error 0: Exit normaly (file looppeng/SOURCE/SRC/main.c, line 339)
engine error 0: Exit normaly (file looppeng/SOURCE/SRC/main.c, line 339)
engine error 0: Exit normaly (file looppeng/SOURCE/SRC/main.c, line 339)
engine error 0: Exit normaly (file looppeng/SOURCE/SRC/main.c, line 339)
engine error 0: Exit normaly (file looppeng/SOURCE/SRC/main.c, line 339)
engine error 0: Exit normaly (file looppeng/SOURCE/SRC/main.c, line 339)
engine error 0: Exit normaly (file looppeng/SOURCE/SRC/main.c, line 339)
engine error 0: Exit normaly (file looppeng/SOURCE/SRC/main.c, line 339)
engine error 0: Exit normaly (file looppeng/SOURCE/SRC/main.c, line 339)
engine error 0: Exit normaly (file looppeng/SOURCE/SRC/main.c, line 339)
engine error 0: Exit normaly (file looppeng/SOURCE/SRC/main.c, line 339)
engine error 0: Exit normaly (file looppeng/SOURCE/SRC/main.c, line 339)
engine error 0: Exit normaly (file looppeng/SOURCE/SRC/main.c, line 339)
engine error 0: Exit normaly (file looppeng/SOURCE/SRC/main.c, line 339)
engine error 0: Exit normaly (file looppeng/SOURCE/SRC/main.c, line 339)
engine error 0: Exit normaly (file looppeng/SOURCE/SRC/main.c, line 339)
engine error 0: Exit normaly (file looppeng/SOURCE/SRC/main.c, line 339)
engine error 0: Exit normaly (file looppeng/SOURCE/SRC/main.c, line 339)
engine error 0: Exit normaly (file looppeng/SOURCE/SRC/main.c, line 339)
engine error 0: Exit normaly (file looppeng/SOURCE/SRC/main.c, line 339)
engine error 0: Exit normaly (file looppeng/SOURCE/SRC/main.c, line 339)
engine error 0: Exit normaly (file looppeng/SOURCE/SRC/main.c, line 339)
engine error 0: Exit normaly (file looppeng/SOURCE/SRC/main.c, line 339)
engine error 0: Exit normaly (file looppeng/SOURCE/SRC/main.c, line 339)
engine error 0: Exit normaly (file looppeng/SOURCE/SRC/main.c, line 339)
engine error 0: Exit normaly (file looppeng/SOURCE/SRC/main.c, line 339)
engine error 0: Exit normaly (file looppeng/SOURCE/SRC/main.c, line 339)
engine error 0: Exit normaly (file looppeng/SOURCE/SRC/main.c, line 339)
engine error 0: Exit normaly (file looppeng/SOURCE/SRC/main.c, line 339)
engine error 0: Exit normaly (file looppeng/SOURCE/SRC/main.c, line 339)
engine error 0: Exit normaly (file looppeng/SOURCE/SRC/main.c, line 339)
engine error 0: Exit normaly (file looppeng/SOURCE/SRC/main.c, line 339)
engine error 0: Exit normaly (file looppeng/SOURCE/SRC/main.c, line 339)
engine error 0: Exit normaly (file looppeng/SOURCE/SRC/main.c, line 339)
engine error 0: Exit normaly (file looppeng/SOURCE/SRC/main.c, line 339)
engine error 0: Exit normaly (file looppeng/SOURCE/SRC/main.c, line 339)
engine error 0: Exit normaly (file looppeng/SOURCE/SRC/main.c, line 339)
engine error 0: Exit normaly (file looppeng/SOURCE/SRC/main.c, line 339)
engine error 0: Exit normaly (file looppeng/SOURCE/SRC/main.c, line 339)
engine error 0: Exit normaly (file looppeng/SOURCE/SRC/main.c, line 339)
engine error 0: Exit normaly (file looppeng/SOURCE/SRC/main.c, line 339)
engine error 0: Exit normaly (file looppeng/SOURCE/SRC/main.c, line 339)
engine error 0: Exit normaly (file looppeng/SOURCE/SRC/main.c, line 339)
engine error 0: Exit normaly (file looppeng/SOURCE/SRC/main.c, line 339)
engine error 0: Exit normaly (file looppeng/SOURCE/SRC/main.c, line 339)
engine error 0: Exit normaly (file looppeng/SOURCE/SRC/main.c, line 339)
engine error 0: Exit normaly (file looppeng/SOURCE/SRC/main.c, line 339)
engine error 0: Exit normaly (file looppeng/SOURCE/SRC/main.c, line 339)
engine error 0: Exit normaly (file looppeng/SOURCE/SRC/main.c, line 339)
engine error 0: Exit normaly (file looppeng/SOURCE/SRC/main.c, line 339)
engine error 0: Exit normaly (file looppeng/SOURCE/SRC/main.c, line 339)
engine error 0: Exit normaly (file looppeng/SOURCE/SRC/main.c, line 339)
engine error 0: Exit normaly (file looppeng/SOURCE/SRC/main.c, line 339)
engine error 0: Exit normaly (file looppeng/SOURCE/SRC/main.c, line 339)
engine error 0: Exit normaly (file looppeng/SOURCE/SRC/main.c, line 339)
engine error 0: Exit normaly (file looppeng/SOURCE/SRC/main.c, line 339)
engine error 0: Exit normaly (file looppeng/SOURCE/SRC/main.c, line 339)
engine error 0: Exit normaly (file looppeng/SOURCE/SRC/main.c, line 339)
engine error 0: Exit normaly (file looppeng/SOURCE/SRC/main.c, line 339)
engine error 0: Exit normaly (file looppeng/SOURCE/SRC/main.c, line 339)
engine error 0: Exit normaly (file looppeng/SOURCE/SRC/main.c, line 339)
engine error 0: Exit normaly (file looppeng/SOURCE/SRC/main.c, line 339)
engine error 0: Exit normaly (file looppeng/SOURCE/SRC/main.c, line 339)
engine error 0: Exit normaly (file looppeng/SOURCE/SRC/main.c, line 339)
engine error 0: Exit normaly (file looppeng/SOURCE/SRC/main.c, line 339)
engine error 0: Exit normaly (file looppeng/SOURCE/SRC/main.c, line 339)
engine error 0: Exit normaly (file looppeng/SOURCE/SRC/main.c, line 339)
engine error 0: Exit normaly (file looppeng/SOURCE/SRC/main.c, line 339)
engine error 0: Exit normaly (file looppeng/SOURCE/SRC/main.c, line 339)
engine error 0: Exit normaly (file looppeng/SOURCE/SRC/main.c, line 339)
engine error 0: Exit normaly (file looppeng/SOURCE/SRC/main.c, line 339)
engine error 0: Exit normaly (file looppeng/SOURCE/SRC/main.c, line 339)
engine error 0: Exit normaly (file looppeng/SOURCE/SRC/main.c, line 339)
engine error 0: Exit normaly (file looppeng/SOURCE/SRC/main.c, line 339)
engine error 0: Exit normaly (file looppeng/SOURCE/SRC/main.c, line 339)
engine error 0: Exit normaly (file looppeng/SOURCE/SRC/main.c, line 339)
engine error 0: Exit normaly (file looppeng/SOURCE/SRC/main.c, line 339)
engine error 0: Exit normaly (file looppeng/SOURCE/SRC/main.c, line 339)
engine error 0: Exit normaly (file looppeng/SOURCE/SRC/main.c, line 339)
engine error 0: Exit normaly (file looppeng/SOURCE/SRC/main.c, line 339)
engine error 0: Exit normaly (file looppeng/SOURCE/SRC/main.c, line 339)
engine error 0: Exit normaly (file looppeng/SOURCE/SRC/main.c, line 339)
engine error 0: Exit normaly (file looppeng/SOURCE/SRC/main.c, line 339)
engine error 0: Exit normaly (file looppeng/SOURCE/SRC/main.c, line 339)
engine error 0: Exit normaly (file looppeng/SOURCE/SRC/main.c, line 339)
engine error 0: Exit normaly (file looppeng/SOURCE/SRC/main.c, line 339)
engine error 0: Exit normaly (file looppeng/SOURCE/SRC/main.c, line 339)
engine error 0: Exit normaly (file looppeng/SOURCE/SRC/main.c, line 339)
engine error 0: Exit normaly (file looppeng/SOURCE/SRC/main.c, line 339)
engine error 0: Exit normaly (file looppeng/SOURCE/SRC/main.c, line 339)
engine error 0: Exit normaly (file looppeng/SOURCE/SRC/main.c, line 339)
engine error 0: Exit normaly (file looppeng/SOURCE/SRC/main.c, line 339)
engine error 0: Exit normaly (file looppeng/SOURCE/SRC/main.c, line 339)
engine error 0: Exit normaly (file looppeng/SOURCE/SRC/main.c, line 339)
engine error 0: Exit normaly (file looppeng/SOURCE/SRC/main.c, line 339)
engine error 0: Exit normaly (file looppeng/SOURCE/SRC/main.c, line 339)
engine error 0: Exit normaly (file looppeng/SOURCE/SRC/main.c, line 339)
engine error 0: Exit normaly (file looppeng/SOURCE/SRC/main.c, line 339)
engine error 0: Exit normaly (file looppeng/SOURCE/SRC/main.c, line 339)
engine error 0: Exit normaly (file looppeng/SOURCE/SRC/main.c, line 339)
engine error 0: Exit normaly (file looppeng/SOURCE/SRC/main.c, line 339)
engine error 0: Exit normaly (file looppeng/SOURCE/SRC/main.c, line 339)
engine error 0: Exit normaly (file looppeng/SOURCE/SRC/main.c, line 339)
engine error 0: Exit normaly (file looppeng/SOURCE/SRC/main.c, line 339)
engine error 0: Exit normaly (file looppeng/SOURCE/SRC/main.c, line 339)
engine error 0: Exit normaly (file looppeng/SOURCE/SRC/main.c, line 339)
engine error 0: Exit normaly (file looppeng/SOURCE/SRC/main.c, line 339)
engine error 0: Exit normaly (file looppeng/SOURCE/SRC/main.c, line 339)
engine error 0: Exit normaly (file looppeng/SOURCE/SRC/main.c, line 339)
engine error 0: Exit normaly (file looppeng/SOURCE/SRC/main.c, line 339)
engine error 0: Exit normaly (file looppeng/SOURCE/SRC/main.c, line 339)
engine error 0: Exit normaly (file looppeng/SOURCE/SRC/main.c, line 339)
engine error 0: Exit normaly (file looppeng/SOURCE/SRC/main.c, line 339)
engine error 0: Exit normaly (file looppeng/SOURCE/SRC/main.c, line 339)
engine error 0: Exit normaly (file looppeng/SOURCE/SRC/main.c, line 339)
engine error 0: Exit normaly (file looppeng/SOURCE/SRC/main.c, line 339)
engine error 0: Exit normaly (file looppeng/SOURCE/SRC/main.c, line 339)
engine error 0: Exit normaly (file looppeng/SOURCE/SRC/main.c, line 339)
engine error 0: Exit normaly (file looppeng/SOURCE/SRC/main.c, line 339)
engine error 0: Exit normaly (file looppeng/SOURCE/SRC/main.c, line 339)
engine error 0: Exit normaly (file looppeng/SOURCE/SRC/main.c, line 339)
engine error 0: Exit normaly (file looppeng/SOURCE/SRC/main.c, line 339)
engine error 0: Exit normaly (file looppeng/SOURCE/SRC/main.c, line 339)
engine error 0: Exit normaly (file looppeng/SOURCE/SRC/main.c, line 339)
engine error 0: Exit normaly (file looppeng/SOURCE/SRC/main.c, line 339)
engine error 0: Exit normaly (file looppeng/SOURCE/SRC/main.c, line 339)
engine error 0: Exit normaly (file looppeng/SOURCE/SRC/main.c, line 339)
engine error 0: Exit normaly (file looppeng/SOURCE/SRC/main.c, line 339)
engine error 0: Exit normaly (file looppeng/SOURCE/SRC/main.c, line 339)
engine error 0: Exit normaly (file looppeng/SOURCE/SRC/main.c, line 339)
engine error 0: Exit normaly (file looppeng/SOURCE/SRC/main.c, line 339)
engine error 0: Exit normaly (file looppeng/SOURCE/SRC/main.c, line 339)
engine error 0: Exit normaly (file looppeng/SOURCE/SRC/main.c, line 339)
engine error 0: Exit normaly (file looppeng/SOURCE/SRC/main.c, line 339)
engine error 0: Exit normaly (file looppeng/SOURCE/SRC/main.c, line 339)
  In drv_modeller2loopp_Te13
    get_model returned 18AE0330
    read_scoring_matrixes done.
    opened alignment files
    parsed chain 2 loop format
In get_te13_gap_per_site with protein modl
In get_te13_gap_per_site with protein modl
    finished get_ 4 times
    got posterior energy
    computed reverse energy
    computed z-score (-92.4043)
    printed results to files
    cleaned prot
    cleaned model
  leaving function
engine error 0: Exit normaly (file looppeng/SOURCE/SRC/main.c, line 339)
engine error 0: Exit normaly (file looppeng/SOURCE/SRC/main.c, line 339)
  In drv_modeller2loopp_Te13
    get_model returned C371330
    read_scoring_matrixes done.
    opened alignment files
    parsed chain 2 loop format
In get_te13_gap_per_site with protein modl
In get_te13_gap_per_site with protein modl
    finished get_ 4 times
    got posterior energy
    computed reverse energy
    computed z-score (-116.691)
    printed results to files
    cleaned prot
    cleaned model
  leaving function
engine error 0: Exit normaly (file looppeng/SOURCE/SRC/main.c, line 339)
engine error 0: Exit normaly (file looppeng/SOURCE/SRC/main.c, line 339)
  In drv_modeller2loopp_Te13
    get_model returned 217B330
    read_scoring_matrixes done.
    opened alignment files
    parsed chain 2 loop format
In get_te13_gap_per_site with protein modl
In get_te13_gap_per_site with protein modl
    finished get_ 4 times
    got posterior energy
    computed reverse energy
    computed z-score (-138.419)
    printed results to files
    cleaned prot
    cleaned model
  leaving function
engine error 0: Exit normaly (file looppeng/SOURCE/SRC/main.c, line 339)
engine error 0: Exit normaly (file looppeng/SOURCE/SRC/main.c, line 339)
  In drv_modeller2loopp_Te13
    get_model returned ED5C330
    read_scoring_matrixes done.
    opened alignment files
    parsed chain 2 loop format
In get_te13_gap_per_site with protein modl
In get_te13_gap_per_site with protein modl
    finished get_ 4 times
    got posterior energy
    computed reverse energy
    computed z-score (-130.793)
    printed results to files
    cleaned prot
    cleaned model
  leaving function
engine error 0: Exit normaly (file looppeng/SOURCE/SRC/main.c, line 339)
engine error 0: Exit normaly (file looppeng/SOURCE/SRC/main.c, line 339)
  In drv_modeller2loopp_Te13
    get_model returned 4060330
    read_scoring_matrixes done.
    opened alignment files
    parsed chain 2 loop format
In get_te13_gap_per_site with protein modl
In get_te13_gap_per_site with protein modl
    finished get_ 4 times
    got posterior energy
    computed reverse energy
    computed z-score (-117.821)
    printed results to files
    cleaned prot
    cleaned model
  leaving function
engine error 0: Exit normaly (file looppeng/SOURCE/SRC/main.c, line 339)
engine error 0: Exit normaly (file looppeng/SOURCE/SRC/main.c, line 339)
  In drv_modeller2loopp_Te13
    get_model returned DA88330
    read_scoring_matrixes done.
    opened alignment files
    parsed chain 2 loop format
In get_te13_gap_per_site with protein modl
In get_te13_gap_per_site with protein modl
    finished get_ 4 times
    got posterior energy
    computed reverse energy
    computed z-score (-186.991)
    printed results to files
    cleaned prot
    cleaned model
  leaving function
engine error 0: Exit normaly (file looppeng/SOURCE/SRC/main.c, line 339)
engine error 0: Exit normaly (file looppeng/SOURCE/SRC/main.c, line 339)
  In drv_modeller2loopp_Te13
    get_model returned 1D2DE330
    read_scoring_matrixes done.
    opened alignment files
    parsed chain 2 loop format
In get_te13_gap_per_site with protein modl
In get_te13_gap_per_site with protein modl
    finished get_ 4 times
    got posterior energy
    computed reverse energy
    computed z-score (-177.176)
    printed results to files
    cleaned prot
    cleaned model
  leaving function
engine error 0: Exit normaly (file looppeng/SOURCE/SRC/main.c, line 339)
engine error 0: Exit normaly (file looppeng/SOURCE/SRC/main.c, line 339)
  In drv_modeller2loopp_Te13
    get_model returned 19DB0330
    read_scoring_matrixes done.
    opened alignment files
    parsed chain 2 loop format
In get_te13_gap_per_site with protein modl
In get_te13_gap_per_site with protein modl
    finished get_ 4 times
    got posterior energy
    computed reverse energy
    computed z-score (-155.226)
    printed results to files
    cleaned prot
    cleaned model
  leaving function
engine error 0: Exit normaly (file looppeng/SOURCE/SRC/main.c, line 339)
engine error 0: Exit normaly (file looppeng/SOURCE/SRC/main.c, line 339)
  In drv_modeller2loopp_Te13
    get_model returned 1595F330
    read_scoring_matrixes done.
    opened alignment files
    parsed chain 2 loop format
In get_te13_gap_per_site with protein modl
In get_te13_gap_per_site with protein modl
    finished get_ 4 times
    got posterior energy
    computed reverse energy
    computed z-score (-129.577)
    printed results to files
    cleaned prot
    cleaned model
  leaving function
engine error 0: Exit normaly (file looppeng/SOURCE/SRC/main.c, line 339)
engine error 0: Exit normaly (file looppeng/SOURCE/SRC/main.c, line 339)
  In drv_modeller2loopp_Te13
    get_model returned FF4F330
    read_scoring_matrixes done.
    opened alignment files
    parsed chain 2 loop format
In get_te13_gap_per_site with protein modl
In get_te13_gap_per_site with protein modl
    finished get_ 4 times
    got posterior energy
    computed reverse energy
    computed z-score (-110.237)
    printed results to files
    cleaned prot
    cleaned model
  leaving function
engine error 0: Exit normaly (file looppeng/SOURCE/SRC/main.c, line 339)
engine error 0: Exit normaly (file looppeng/SOURCE/SRC/main.c, line 339)
  In drv_modeller2loopp_Te13
    get_model returned 1AA9C330
    read_scoring_matrixes done.
    opened alignment files
    parsed chain 2 loop format
In get_te13_gap_per_site with protein modl
In get_te13_gap_per_site with protein modl
    finished get_ 4 times
    got posterior energy
    computed reverse energy
    computed z-score (-104.317)
    printed results to files
    cleaned prot
    cleaned model
  leaving function
engine error 0: Exit normaly (file looppeng/SOURCE/SRC/main.c, line 339)
engine error 0: Exit normaly (file looppeng/SOURCE/SRC/main.c, line 339)
  In drv_modeller2loopp_Te13
    get_model returned 6767330
    read_scoring_matrixes done.
    opened alignment files
    parsed chain 2 loop format
In get_te13_gap_per_site with protein modl
In get_te13_gap_per_site with protein modl
    finished get_ 4 times
    got posterior energy
    computed reverse energy
    computed z-score (-103.777)
    printed results to files
    cleaned prot
    cleaned model
  leaving function
engine error 0: Exit normaly (file looppeng/SOURCE/SRC/main.c, line 339)
engine error 0: Exit normaly (file looppeng/SOURCE/SRC/main.c, line 339)
  In drv_modeller2loopp_Te13
    get_model returned 168CF330
    read_scoring_matrixes done.
    opened alignment files
    parsed chain 2 loop format
In get_te13_gap_per_site with protein modl
In get_te13_gap_per_site with protein modl
    finished get_ 4 times
    got posterior energy
    computed reverse energy
    computed z-score (-141.042)
    printed results to files
    cleaned prot
    cleaned model
  leaving function
engine error 0: Exit normaly (file looppeng/SOURCE/SRC/main.c, line 339)
engine error 0: Exit normaly (file looppeng/SOURCE/SRC/main.c, line 339)
  In drv_modeller2loopp_Te13
    get_model returned E114330
    read_scoring_matrixes done.
    opened alignment files
    parsed chain 2 loop format
In get_te13_gap_per_site with protein modl
In get_te13_gap_per_site with protein modl
    finished get_ 4 times
    got posterior energy
    computed reverse energy
    computed z-score (-171.708)
    printed results to files
    cleaned prot
    cleaned model
  leaving function
engine error 0: Exit normaly (file looppeng/SOURCE/SRC/main.c, line 339)
engine error 0: Exit normaly (file looppeng/SOURCE/SRC/main.c, line 339)
  In drv_modeller2loopp_Te13
    get_model returned 18D3B330
    read_scoring_matrixes done.
    opened alignment files
    parsed chain 2 loop format
In get_te13_gap_per_site with protein modl
In get_te13_gap_per_site with protein modl
    finished get_ 4 times
    got posterior energy
    computed reverse energy
    computed z-score (-146.073)
    printed results to files
    cleaned prot
    cleaned model
  leaving function
engine error 0: Exit normaly (file looppeng/SOURCE/SRC/main.c, line 339)
engine error 0: Exit normaly (file looppeng/SOURCE/SRC/main.c, line 339)
  In drv_modeller2loopp_Te13
    get_model returned 95A0330
    read_scoring_matrixes done.
    opened alignment files
    parsed chain 2 loop format
In get_te13_gap_per_site with protein modl
In get_te13_gap_per_site with protein modl
    finished get_ 4 times
    got posterior energy
    computed reverse energy
    computed z-score (-51.6044)
    printed results to files
    cleaned prot
    cleaned model
  leaving function
engine error 0: Exit normaly (file looppeng/SOURCE/SRC/main.c, line 339)
engine error 0: Exit normaly (file looppeng/SOURCE/SRC/main.c, line 339)
  In drv_modeller2loopp_Te13
    get_model returned DB28330
    read_scoring_matrixes done.
    opened alignment files
    parsed chain 2 loop format
In get_te13_gap_per_site with protein modl
In get_te13_gap_per_site with protein modl
    finished get_ 4 times
    got posterior energy
    computed reverse energy
    computed z-score (-113.311)
    printed results to files
    cleaned prot
    cleaned model
  leaving function
engine error 0: Exit normaly (file looppeng/SOURCE/SRC/main.c, line 339)
engine error 0: Exit normaly (file looppeng/SOURCE/SRC/main.c, line 339)
  In drv_modeller2loopp_Te13
    get_model returned 5D88330
    read_scoring_matrixes done.
    opened alignment files
    parsed chain 2 loop format
In get_te13_gap_per_site with protein modl
In get_te13_gap_per_site with protein modl
    finished get_ 4 times
    got posterior energy
    computed reverse energy
    computed z-score (-63.6434)
    printed results to files
    cleaned prot
    cleaned model
  leaving function
engine error 0: Exit normaly (file looppeng/SOURCE/SRC/main.c, line 339)
engine error 0: Exit normaly (file looppeng/SOURCE/SRC/main.c, line 339)
  In drv_modeller2loopp_Te13
    get_model returned 7A1330
    read_scoring_matrixes done.
    opened alignment files
    parsed chain 2 loop format
In get_te13_gap_per_site with protein modl
In get_te13_gap_per_site with protein modl
    finished get_ 4 times
    got posterior energy
    computed reverse energy
    computed z-score (-77.7014)
    printed results to files
    cleaned prot
    cleaned model
  leaving function
engine error 0: Exit normaly (file looppeng/SOURCE/SRC/main.c, line 339)
engine error 0: Exit normaly (file looppeng/SOURCE/SRC/main.c, line 339)
  In drv_modeller2loopp_Te13
    get_model returned 582F330
    read_scoring_matrixes done.
    opened alignment files
    parsed chain 2 loop format
In get_te13_gap_per_site with protein modl
In get_te13_gap_per_site with protein modl
    finished get_ 4 times
    got posterior energy
    computed reverse energy
    computed z-score (-169.047)
    printed results to files
    cleaned prot
    cleaned model
  leaving function
engine error 0: Exit normaly (file looppeng/SOURCE/SRC/main.c, line 339)
engine error 0: Exit normaly (file looppeng/SOURCE/SRC/main.c, line 339)
  In drv_modeller2loopp_Te13
    get_model returned 17519330
    read_scoring_matrixes done.
    opened alignment files
    parsed chain 2 loop format
In get_te13_gap_per_site with protein modl
In get_te13_gap_per_site with protein modl
    finished get_ 4 times
    got posterior energy
    computed reverse energy
    computed z-score (-147.022)
    printed results to files
    cleaned prot
    cleaned model
  leaving function
engine error 0: Exit normaly (file looppeng/SOURCE/SRC/main.c, line 339)
engine error 0: Exit normaly (file looppeng/SOURCE/SRC/main.c, line 339)
  In drv_modeller2loopp_Te13
    get_model returned 9B18330
    read_scoring_matrixes done.
    opened alignment files
    parsed chain 2 loop format
In get_te13_gap_per_site with protein modl
In get_te13_gap_per_site with protein modl
    finished get_ 4 times
    got posterior energy
    computed reverse energy
    computed z-score (-152.207)
    printed results to files
    cleaned prot
    cleaned model
  leaving function
engine error 0: Exit normaly (file looppeng/SOURCE/SRC/main.c, line 339)
